Using pre-set license
Built from '2020.3/staging' branch; Version is '2020.3.25f1 (9b9180224418) revision 10195328'; Using compiler version '192528614'; Build Type 'Release'
OS: 'Windows 10  (10.0.19044) 64bit CoreSingleLanguage' Language: 'es' Physical Memory: 10178 MB
BatchMode: 1, IsHumanControllingUs: 0, StartBugReporterOnCrash: 0, Is64bit: 1, IsPro: 0

COMMAND LINE ARGUMENTS:
D:\Mis Documentos\Programas Instalados\Unity\2020.3.25f1\Editor\Unity.exe
-adb2
-batchMode
-noUpm
-name
AssetImportWorker0
-projectPath
D:/Mis Documentos/Programas Instalados/Unity/Proyectos/Fallens Journey Dungeon Crawler
-logFile
Logs/AssetImportWorker0.log
-srvPort
54957
Successfully changed project path to: D:/Mis Documentos/Programas Instalados/Unity/Proyectos/Fallens Journey Dungeon Crawler
D:/Mis Documentos/Programas Instalados/Unity/Proyectos/Fallens Journey Dungeon Crawler
Using Asset Import Pipeline V2.
Refreshing native plugins compatible for Editor in 562.58 ms, found 3 plugins.
Preloading 0 native plugins for Editor in 0.00 ms.
Initialize engine version: 2020.3.25f1 (9b9180224418)
[Subsystems] Discovering subsystems at path D:/Mis Documentos/Programas Instalados/Unity/2020.3.25f1/Editor/Data/Resources/UnitySubsystems
[Subsystems] Discovering subsystems at path D:/Mis Documentos/Programas Instalados/Unity/Proyectos/Fallens Journey Dungeon Crawler/Assets
GfxDevice: creating device client; threaded=0
Direct3D:
    Version:  Direct3D 11.0 [level 11.1]
    Renderer: NVIDIA GeForce GTX 1650 (ID=0x1f91)
    Vendor:   
    VRAM:     3964 MB
    Driver:   27.21.14.5167
Initialize mono
Mono path[0] = 'D:/Mis Documentos/Programas Instalados/Unity/2020.3.25f1/Editor/Data/Managed'
Mono path[1] = 'D:/Mis Documentos/Programas Instalados/Unity/2020.3.25f1/Editor/Data/MonoBleedingEdge/lib/mono/unityjit'
Mono config path = 'D:/Mis Documentos/Programas Instalados/Unity/2020.3.25f1/Editor/Data/MonoBleedingEdge/etc'
Using monoOptions --debugger-agent=transport=dt_socket,embedding=1,server=y,suspend=n,address=127.0.0.1:56124
Begin MonoManager ReloadAssembly
Registering precompiled unity dll's ...
Register platform support module: D:/Mis Documentos/Programas Instalados/Unity/2020.3.25f1/Editor/Data/PlaybackEngines/WebGLSupport/UnityEditor.WebGL.Extensions.dll
Register platform support module: D:/Mis Documentos/Programas Instalados/Unity/2020.3.25f1/Editor/Data/PlaybackEngines/WindowsStandaloneSupport/UnityEditor.WindowsStandalone.Extensions.dll
Registered in 0.276922 seconds.
Native extension for WindowsStandalone target not found
Native extension for WebGL target not found
Refreshing native plugins compatible for Editor in 70.15 ms, found 3 plugins.
Preloading 0 native plugins for Editor in 0.00 ms.
Mono: successfully reloaded assembly
- Completed reload, in  1.456 seconds
Domain Reload Profiling:
	ReloadAssembly (1457ms)
		BeginReloadAssembly (219ms)
			ExecutionOrderSort (0ms)
			DisableScriptedObjects (0ms)
			BackupInstance (0ms)
			ReleaseScriptingObjects (0ms)
			CreateAndSetChildDomain (2ms)
		EndReloadAssembly (838ms)
			LoadAssemblies (361ms)
			RebuildTransferFunctionScriptingTraits (0ms)
			SetupTypeCache (256ms)
			ReleaseScriptCaches (0ms)
			RebuildScriptCaches (36ms)
			SetupLoadedEditorAssemblies (252ms)
				LogAssemblyErrors (0ms)
				InitializePlatformSupportModulesInManaged (6ms)
				SetLoadedEditorAssemblies (1ms)
				RefreshPlugins (70ms)
				BeforeProcessingInitializeOnLoad (10ms)
				ProcessInitializeOnLoadAttributes (112ms)
				ProcessInitializeOnLoadMethodAttributes (54ms)
				AfterProcessingInitializeOnLoad (0ms)
				EditorAssembliesLoaded (0ms)
			ExecutionOrderSort2 (0ms)
			AwakeInstancesAfterBackupRestoration (0ms)
Platform modules already initialized, skipping
Registering precompiled user dll's ...
Registered in 0.396142 seconds.
Begin MonoManager ReloadAssembly
Native extension for WindowsStandalone target not found
Native extension for WebGL target not found
Refreshing native plugins compatible for Editor in 61.29 ms, found 3 plugins.
Preloading 0 native plugins for Editor in 0.00 ms.
Mono: successfully reloaded assembly
- Completed reload, in  3.870 seconds
Domain Reload Profiling:
	ReloadAssembly (3871ms)
		BeginReloadAssembly (181ms)
			ExecutionOrderSort (0ms)
			DisableScriptedObjects (6ms)
			BackupInstance (0ms)
			ReleaseScriptingObjects (0ms)
			CreateAndSetChildDomain (26ms)
		EndReloadAssembly (3619ms)
			LoadAssemblies (2461ms)
			RebuildTransferFunctionScriptingTraits (0ms)
			SetupTypeCache (411ms)
			ReleaseScriptCaches (1ms)
			RebuildScriptCaches (63ms)
			SetupLoadedEditorAssemblies (519ms)
				LogAssemblyErrors (0ms)
				InitializePlatformSupportModulesInManaged (5ms)
				SetLoadedEditorAssemblies (0ms)
				RefreshPlugins (62ms)
				BeforeProcessingInitializeOnLoad (81ms)
				ProcessInitializeOnLoadAttributes (272ms)
				ProcessInitializeOnLoadMethodAttributes (95ms)
				AfterProcessingInitializeOnLoad (4ms)
				EditorAssembliesLoaded (0ms)
			ExecutionOrderSort2 (0ms)
			AwakeInstancesAfterBackupRestoration (8ms)
Platform modules already initialized, skipping
========================================================================
Worker process is ready to serve import requests
Launched and connected shader compiler UnityShaderCompiler.exe after 0.52 seconds
Refreshing native plugins compatible for Editor in 0.78 ms, found 3 plugins.
Preloading 0 native plugins for Editor in 0.00 ms.
Unloading 2361 Unused Serialized files (Serialized files now loaded: 0)
System memory in use before: 103.7 MB.
System memory in use after: 103.9 MB.

Unloading 41 unused Assets to reduce memory usage. Loaded Objects now: 2786.
Total: 4.472300 ms (FindLiveObjects: 0.284000 ms CreateObjectMapping: 0.075900 ms MarkObjects: 3.991900 ms  DeleteObjects: 0.118800 ms)

AssetImportParameters requested are different than current active one (requested -> active):
  custom:framework-win-MediaFoundation: 216162199b28c13a410421893ffa2e32 -> 
  custom:video-decoder-ogg-theora: a1e56fd34408186e4bbccfd4996cb3dc -> 
  custom:container-muxer-webm: aa71ff27fc2769a1b78a27578f13a17b -> 
  custom:container-demuxer-webm: 4f35f7cbe854078d1ac9338744f61a02 -> 
  custom:container-demuxer-ogg: 62fdf1f143b41e24485cea50d1cbac27 -> 
  custom:video-encoder-webm-vp8: eb34c28f22e8b96e1ab97ce403110664 -> 
  custom:video-decoder-webm-vp8: 9c59270c3fd7afecdb556c50c9e8de78 -> 
  custom:audio-decoder-ogg-vorbis: bf7c407c2cedff20999df2af8eb42d56 -> 
  custom:audio-encoder-webm-vorbis: bf7c407c2cedff20999df2af8eb42d56 -> 
========================================================================
Received Import Request.
  path: Assets/Scenes/Stage 0.unity
  artifactKey: Guid(9853b12d71932f2479978fff84139838) Importer(815301076,1909f56bfc062723c751e8b465ee728b)
Start importing Assets/Scenes/Stage 0.unity using Guid(9853b12d71932f2479978fff84139838) Importer(815301076,1909f56bfc062723c751e8b465ee728b)  -> (artifact id: 'f00951e680f9c869876cc11495377389') in 0.114499 seconds 
  Import took 0.231962 seconds .

========================================================================
Received Import Request.
  Time since last request: 5297.899100 seconds.
  path: Assets/Prefabs/Effects/Damage Effect.prefab
  artifactKey: Guid(b5c9011bcf3dcbe4bbdb295a7470209d) Importer(815301076,1909f56bfc062723c751e8b465ee728b)
Start importing Assets/Prefabs/Effects/Damage Effect.prefab using Guid(b5c9011bcf3dcbe4bbdb295a7470209d) Importer(815301076,1909f56bfc062723c751e8b465ee728b)  -> (artifact id: 'df817af9fe6e7d7ffb0a6df4694b59bd') in 0.531648 seconds 
  Import took 0.635622 seconds .

========================================================================
Received Import Request.
  Time since last request: 13.925412 seconds.
  path: Assets/Prefabs/Effects/Damage Effect.prefab
  artifactKey: Guid(b5c9011bcf3dcbe4bbdb295a7470209d) Importer(815301076,1909f56bfc062723c751e8b465ee728b)
Start importing Assets/Prefabs/Effects/Damage Effect.prefab using Guid(b5c9011bcf3dcbe4bbdb295a7470209d) Importer(815301076,1909f56bfc062723c751e8b465ee728b)  -> (artifact id: 'fb1a248524e3f6f23e83c94c4cf1cb54') in 0.065316 seconds 
  Import took 0.111050 seconds .

========================================================================
Received Import Request.
  Time since last request: 9.564222 seconds.
  path: Assets/Prefabs/Effects/Damage Effect.prefab
  artifactKey: Guid(b5c9011bcf3dcbe4bbdb295a7470209d) Importer(815301076,1909f56bfc062723c751e8b465ee728b)
Start importing Assets/Prefabs/Effects/Damage Effect.prefab using Guid(b5c9011bcf3dcbe4bbdb295a7470209d) Importer(815301076,1909f56bfc062723c751e8b465ee728b)  -> (artifact id: '96451ad4363e5cadcd10db6274f6eae0') in 0.017797 seconds 
  Import took 0.061939 seconds .

========================================================================
Received Import Request.
  Time since last request: 28.167222 seconds.
  path: Assets/Prefabs/Effects/Damage Effect.prefab
  artifactKey: Guid(b5c9011bcf3dcbe4bbdb295a7470209d) Importer(815301076,1909f56bfc062723c751e8b465ee728b)
Start importing Assets/Prefabs/Effects/Damage Effect.prefab using Guid(b5c9011bcf3dcbe4bbdb295a7470209d) Importer(815301076,1909f56bfc062723c751e8b465ee728b)  -> (artifact id: '2bd0ef18e3ae5d019406804e1f210f0b') in 0.015170 seconds 
  Import took 0.085227 seconds .

========================================================================
Received Import Request.
  Time since last request: 5.314079 seconds.
  path: Assets/Prefabs/Effects/Damage Effect.prefab
  artifactKey: Guid(b5c9011bcf3dcbe4bbdb295a7470209d) Importer(815301076,1909f56bfc062723c751e8b465ee728b)
Start importing Assets/Prefabs/Effects/Damage Effect.prefab using Guid(b5c9011bcf3dcbe4bbdb295a7470209d) Importer(815301076,1909f56bfc062723c751e8b465ee728b)  -> (artifact id: '710d4a9c8e40d8f7059a578d0717446a') in 0.022669 seconds 
  Import took 0.055091 seconds .

========================================================================
Received Import Request.
  Time since last request: 16.363775 seconds.
  path: Assets/Prefabs/Effects/Damage Effect.prefab
  artifactKey: Guid(b5c9011bcf3dcbe4bbdb295a7470209d) Importer(815301076,1909f56bfc062723c751e8b465ee728b)
Start importing Assets/Prefabs/Effects/Damage Effect.prefab using Guid(b5c9011bcf3dcbe4bbdb295a7470209d) Importer(815301076,1909f56bfc062723c751e8b465ee728b)  -> (artifact id: 'afb2d0b9f72bfc9d98108919a4d434d6') in 0.019638 seconds 
  Import took 0.060098 seconds .

========================================================================
Received Import Request.
  Time since last request: 3.468572 seconds.
  path: Assets/Prefabs/Effects/Damage Effect.prefab
  artifactKey: Guid(b5c9011bcf3dcbe4bbdb295a7470209d) Importer(815301076,1909f56bfc062723c751e8b465ee728b)
Start importing Assets/Prefabs/Effects/Damage Effect.prefab using Guid(b5c9011bcf3dcbe4bbdb295a7470209d) Importer(815301076,1909f56bfc062723c751e8b465ee728b)  -> (artifact id: 'dbf8425d1a4352dc80e09175ffd21720') in 0.019163 seconds 
  Import took 0.051080 seconds .

========================================================================
Received Import Request.
  Time since last request: 17.054203 seconds.
  path: Assets/Prefabs/Effects/Damage Effect.prefab
  artifactKey: Guid(b5c9011bcf3dcbe4bbdb295a7470209d) Importer(815301076,1909f56bfc062723c751e8b465ee728b)
Start importing Assets/Prefabs/Effects/Damage Effect.prefab using Guid(b5c9011bcf3dcbe4bbdb295a7470209d) Importer(815301076,1909f56bfc062723c751e8b465ee728b)  -> (artifact id: 'eb7b8512d5507940ba860d44303456c2') in 0.038372 seconds 
  Import took 0.077295 seconds .

========================================================================
Received Import Request.
  Time since last request: 9.444241 seconds.
  path: Assets/Prefabs/Effects/Damage Effect.prefab
  artifactKey: Guid(b5c9011bcf3dcbe4bbdb295a7470209d) Importer(815301076,1909f56bfc062723c751e8b465ee728b)
Start importing Assets/Prefabs/Effects/Damage Effect.prefab using Guid(b5c9011bcf3dcbe4bbdb295a7470209d) Importer(815301076,1909f56bfc062723c751e8b465ee728b)  -> (artifact id: 'c640cf1bbfd2dec9373f74d95c6cf508') in 0.048004 seconds 
  Import took 0.079720 seconds .

========================================================================
Received Import Request.
  Time since last request: 10.037372 seconds.
  path: Assets/Prefabs/Effects/Damage Effect.prefab
  artifactKey: Guid(b5c9011bcf3dcbe4bbdb295a7470209d) Importer(815301076,1909f56bfc062723c751e8b465ee728b)
Start importing Assets/Prefabs/Effects/Damage Effect.prefab using Guid(b5c9011bcf3dcbe4bbdb295a7470209d) Importer(815301076,1909f56bfc062723c751e8b465ee728b)  -> (artifact id: 'edc3195012ae52141ab8cc155dca4d78') in 0.045971 seconds 
  Import took 0.103311 seconds .

========================================================================
Received Import Request.
  Time since last request: 7.009043 seconds.
  path: Assets/Prefabs/Effects/Damage Effect.prefab
  artifactKey: Guid(b5c9011bcf3dcbe4bbdb295a7470209d) Importer(815301076,1909f56bfc062723c751e8b465ee728b)
Start importing Assets/Prefabs/Effects/Damage Effect.prefab using Guid(b5c9011bcf3dcbe4bbdb295a7470209d) Importer(815301076,1909f56bfc062723c751e8b465ee728b)  -> (artifact id: '82ca39e89052071e307eca3a632fc8b5') in 0.034801 seconds 
  Import took 0.084223 seconds .

========================================================================
Received Import Request.
  Time since last request: 19.489356 seconds.
  path: Assets/Prefabs/Effects/Damage Effect.prefab
  artifactKey: Guid(b5c9011bcf3dcbe4bbdb295a7470209d) Importer(815301076,1909f56bfc062723c751e8b465ee728b)
Start importing Assets/Prefabs/Effects/Damage Effect.prefab using Guid(b5c9011bcf3dcbe4bbdb295a7470209d) Importer(815301076,1909f56bfc062723c751e8b465ee728b)  -> (artifact id: '272cb372b7d75d03884b67369b459bad') in 0.018170 seconds 
  Import took 0.057136 seconds .

========================================================================
Received Import Request.
  Time since last request: 13.546670 seconds.
  path: Assets/Prefabs/Effects/Damage Effect.prefab
  artifactKey: Guid(b5c9011bcf3dcbe4bbdb295a7470209d) Importer(815301076,1909f56bfc062723c751e8b465ee728b)
Start importing Assets/Prefabs/Effects/Damage Effect.prefab using Guid(b5c9011bcf3dcbe4bbdb295a7470209d) Importer(815301076,1909f56bfc062723c751e8b465ee728b)  -> (artifact id: 'd3010dab4462603fb3c2b1e0977a8034') in 0.024565 seconds 
  Import took 0.059366 seconds .

========================================================================
Received Import Request.
  Time since last request: 197.708985 seconds.
  path: Assets/Scenes/Stage 1.unity
  artifactKey: Guid(2cda990e2423bbf4892e6590ba056729) Importer(815301076,1909f56bfc062723c751e8b465ee728b)
Start importing Assets/Scenes/Stage 1.unity using Guid(2cda990e2423bbf4892e6590ba056729) Importer(815301076,1909f56bfc062723c751e8b465ee728b)  -> (artifact id: '49dea3bbbb1d958b541372af49c4f868') in 0.015353 seconds 
  Import took 0.141299 seconds .

========================================================================
Received Prepare
Registering precompiled user dll's ...
Registered in 0.005963 seconds.
Begin MonoManager ReloadAssembly
Native extension for WindowsStandalone target not found
Native extension for WebGL target not found
Refreshing native plugins compatible for Editor in 0.87 ms, found 3 plugins.
Preloading 0 native plugins for Editor in 0.00 ms.
Mono: successfully reloaded assembly
- Completed reload, in  1.735 seconds
Domain Reload Profiling:
	ReloadAssembly (1736ms)
		BeginReloadAssembly (364ms)
			ExecutionOrderSort (0ms)
			DisableScriptedObjects (29ms)
			BackupInstance (0ms)
			ReleaseScriptingObjects (0ms)
			CreateAndSetChildDomain (177ms)
		EndReloadAssembly (1265ms)
			LoadAssemblies (185ms)
			RebuildTransferFunctionScriptingTraits (0ms)
			SetupTypeCache (523ms)
			ReleaseScriptCaches (1ms)
			RebuildScriptCaches (49ms)
			SetupLoadedEditorAssemblies (405ms)
				LogAssemblyErrors (0ms)
				InitializePlatformSupportModulesInManaged (7ms)
				SetLoadedEditorAssemblies (1ms)
				RefreshPlugins (1ms)
				BeforeProcessingInitializeOnLoad (85ms)
				ProcessInitializeOnLoadAttributes (293ms)
				ProcessInitializeOnLoadMethodAttributes (15ms)
				AfterProcessingInitializeOnLoad (3ms)
				EditorAssembliesLoaded (0ms)
			ExecutionOrderSort2 (0ms)
			AwakeInstancesAfterBackupRestoration (13ms)
Platform modules already initialized, skipping
Switching build target platform(19) subTarget(0) extendedPlatform(0) -> platform(13) subTarget(537395200) extendedPlatform(0)
Refreshing native plugins compatible for Editor in 1.52 ms, found 3 plugins.
Preloading 0 native plugins for Editor in 0.00 ms.
Unloading 2340 Unused Serialized files (Serialized files now loaded: 0)
System memory in use before: 104.7 MB.
System memory in use after: 104.9 MB.

Unloading 32 unused Assets to reduce memory usage. Loaded Objects now: 2795.
Total: 4.029900 ms (FindLiveObjects: 0.279700 ms CreateObjectMapping: 0.077600 ms MarkObjects: 3.601600 ms  DeleteObjects: 0.069100 ms)

AssetImportParameters requested are different than current active one (requested -> active):
  custom:framework-win-MediaFoundation: 216162199b28c13a410421893ffa2e32 -> 
  custom:video-decoder-ogg-theora: a1e56fd34408186e4bbccfd4996cb3dc -> 
  custom:container-muxer-webm: aa71ff27fc2769a1b78a27578f13a17b -> 
  custom:container-demuxer-webm: 4f35f7cbe854078d1ac9338744f61a02 -> 
  custom:container-demuxer-ogg: 62fdf1f143b41e24485cea50d1cbac27 -> 
  custom:video-encoder-webm-vp8: eb34c28f22e8b96e1ab97ce403110664 -> 
  custom:video-decoder-webm-vp8: 9c59270c3fd7afecdb556c50c9e8de78 -> 
  custom:graphics/normal-map-encoding: 01000000000000000000000000000000 -> 02000000000000000000000000000000
  custom:audio-decoder-ogg-vorbis: bf7c407c2cedff20999df2af8eb42d56 -> 
  custom:audio-encoder-webm-vorbis: bf7c407c2cedff20999df2af8eb42d56 -> 
========================================================================
Received Prepare
Registering precompiled user dll's ...
Registered in 0.008476 seconds.
Begin MonoManager ReloadAssembly
Native extension for WindowsStandalone target not found
Native extension for WebGL target not found
Refreshing native plugins compatible for Editor in 0.75 ms, found 3 plugins.
Preloading 0 native plugins for Editor in 0.00 ms.
Mono: successfully reloaded assembly
- Completed reload, in  1.523 seconds
Domain Reload Profiling:
	ReloadAssembly (1524ms)
		BeginReloadAssembly (199ms)
			ExecutionOrderSort (0ms)
			DisableScriptedObjects (12ms)
			BackupInstance (0ms)
			ReleaseScriptingObjects (0ms)
			CreateAndSetChildDomain (61ms)
		EndReloadAssembly (1217ms)
			LoadAssemblies (168ms)
			RebuildTransferFunctionScriptingTraits (0ms)
			SetupTypeCache (429ms)
			ReleaseScriptCaches (1ms)
			RebuildScriptCaches (80ms)
			SetupLoadedEditorAssemblies (408ms)
				LogAssemblyErrors (0ms)
				InitializePlatformSupportModulesInManaged (7ms)
				SetLoadedEditorAssemblies (1ms)
				RefreshPlugins (1ms)
				BeforeProcessingInitializeOnLoad (83ms)
				ProcessInitializeOnLoadAttributes (296ms)
				ProcessInitializeOnLoadMethodAttributes (16ms)
				AfterProcessingInitializeOnLoad (4ms)
				EditorAssembliesLoaded (0ms)
			ExecutionOrderSort2 (0ms)
			AwakeInstancesAfterBackupRestoration (14ms)
Platform modules already initialized, skipping
Switching build target platform(19) subTarget(0) extendedPlatform(0) -> platform(13) subTarget(537395200) extendedPlatform(0)
Refreshing native plugins compatible for Editor in 0.78 ms, found 3 plugins.
Preloading 0 native plugins for Editor in 0.00 ms.
Unloading 2340 Unused Serialized files (Serialized files now loaded: 0)
System memory in use before: 104.7 MB.
System memory in use after: 104.9 MB.

Unloading 30 unused Assets to reduce memory usage. Loaded Objects now: 2797.
Total: 4.473900 ms (FindLiveObjects: 0.280800 ms CreateObjectMapping: 0.075300 ms MarkObjects: 4.085400 ms  DeleteObjects: 0.030700 ms)

AssetImportParameters requested are different than current active one (requested -> active):
  custom:framework-win-MediaFoundation: 216162199b28c13a410421893ffa2e32 -> 
  custom:video-decoder-ogg-theora: a1e56fd34408186e4bbccfd4996cb3dc -> 
  custom:container-muxer-webm: aa71ff27fc2769a1b78a27578f13a17b -> 
  custom:container-demuxer-webm: 4f35f7cbe854078d1ac9338744f61a02 -> 
  custom:container-demuxer-ogg: 62fdf1f143b41e24485cea50d1cbac27 -> 
  custom:video-encoder-webm-vp8: eb34c28f22e8b96e1ab97ce403110664 -> 
  custom:video-decoder-webm-vp8: 9c59270c3fd7afecdb556c50c9e8de78 -> 
  custom:graphics/normal-map-encoding: 01000000000000000000000000000000 -> 02000000000000000000000000000000
  custom:audio-decoder-ogg-vorbis: bf7c407c2cedff20999df2af8eb42d56 -> 
  custom:audio-encoder-webm-vorbis: bf7c407c2cedff20999df2af8eb42d56 -> 
========================================================================
Received Import Request.
  Time since last request: 2075.131574 seconds.
  path: Assets/Prefabs/Effects/Player Block Effect.prefab
  artifactKey: Guid(88e00a127ac896f47b64274fe1ef9152) Importer(815301076,1909f56bfc062723c751e8b465ee728b)
Start importing Assets/Prefabs/Effects/Player Block Effect.prefab using Guid(88e00a127ac896f47b64274fe1ef9152) Importer(815301076,1909f56bfc062723c751e8b465ee728b)  -> (artifact id: 'c0eff45570ecc8d4658bf760edb76bc4') in 0.396013 seconds 
  Import took 0.431323 seconds .

========================================================================
Received Prepare
Registering precompiled user dll's ...
Registered in 0.007376 seconds.
Begin MonoManager ReloadAssembly
Native extension for WindowsStandalone target not found
Native extension for WebGL target not found
Refreshing native plugins compatible for Editor in 1.48 ms, found 3 plugins.
Preloading 0 native plugins for Editor in 0.00 ms.
Mono: successfully reloaded assembly
- Completed reload, in  1.472 seconds
Domain Reload Profiling:
	ReloadAssembly (1473ms)
		BeginReloadAssembly (167ms)
			ExecutionOrderSort (0ms)
			DisableScriptedObjects (9ms)
			BackupInstance (0ms)
			ReleaseScriptingObjects (0ms)
			CreateAndSetChildDomain (52ms)
		EndReloadAssembly (1216ms)
			LoadAssemblies (133ms)
			RebuildTransferFunctionScriptingTraits (0ms)
			SetupTypeCache (414ms)
			ReleaseScriptCaches (1ms)
			RebuildScriptCaches (68ms)
			SetupLoadedEditorAssemblies (449ms)
				LogAssemblyErrors (0ms)
				InitializePlatformSupportModulesInManaged (12ms)
				SetLoadedEditorAssemblies (2ms)
				RefreshPlugins (2ms)
				BeforeProcessingInitializeOnLoad (98ms)
				ProcessInitializeOnLoadAttributes (316ms)
				ProcessInitializeOnLoadMethodAttributes (16ms)
				AfterProcessingInitializeOnLoad (3ms)
				EditorAssembliesLoaded (0ms)
			ExecutionOrderSort2 (0ms)
			AwakeInstancesAfterBackupRestoration (17ms)
Platform modules already initialized, skipping
Switching build target platform(19) subTarget(0) extendedPlatform(0) -> platform(13) subTarget(537395200) extendedPlatform(0)
Refreshing native plugins compatible for Editor in 1.07 ms, found 3 plugins.
Preloading 0 native plugins for Editor in 0.00 ms.
Unloading 2340 Unused Serialized files (Serialized files now loaded: 0)
System memory in use before: 104.8 MB.
System memory in use after: 105.0 MB.

Unloading 32 unused Assets to reduce memory usage. Loaded Objects now: 2800.
Total: 4.541100 ms (FindLiveObjects: 0.310400 ms CreateObjectMapping: 0.113000 ms MarkObjects: 4.044500 ms  DeleteObjects: 0.071300 ms)

AssetImportParameters requested are different than current active one (requested -> active):
  custom:framework-win-MediaFoundation: 216162199b28c13a410421893ffa2e32 -> 
  custom:video-decoder-ogg-theora: a1e56fd34408186e4bbccfd4996cb3dc -> 
  custom:container-muxer-webm: aa71ff27fc2769a1b78a27578f13a17b -> 
  custom:container-demuxer-webm: 4f35f7cbe854078d1ac9338744f61a02 -> 
  custom:container-demuxer-ogg: 62fdf1f143b41e24485cea50d1cbac27 -> 
  custom:video-encoder-webm-vp8: eb34c28f22e8b96e1ab97ce403110664 -> 
  custom:video-decoder-webm-vp8: 9c59270c3fd7afecdb556c50c9e8de78 -> 
  custom:graphics/normal-map-encoding: 01000000000000000000000000000000 -> 02000000000000000000000000000000
  custom:audio-decoder-ogg-vorbis: bf7c407c2cedff20999df2af8eb42d56 -> 
  custom:audio-encoder-webm-vorbis: bf7c407c2cedff20999df2af8eb42d56 -> 
========================================================================
Received Prepare
Registering precompiled user dll's ...
Registered in 0.011616 seconds.
Begin MonoManager ReloadAssembly
Native extension for WindowsStandalone target not found
Native extension for WebGL target not found
Refreshing native plugins compatible for Editor in 0.94 ms, found 3 plugins.
Preloading 0 native plugins for Editor in 0.00 ms.
Mono: successfully reloaded assembly
- Completed reload, in  1.766 seconds
Domain Reload Profiling:
	ReloadAssembly (1766ms)
		BeginReloadAssembly (206ms)
			ExecutionOrderSort (0ms)
			DisableScriptedObjects (14ms)
			BackupInstance (0ms)
			ReleaseScriptingObjects (0ms)
			CreateAndSetChildDomain (62ms)
		EndReloadAssembly (1462ms)
			LoadAssemblies (175ms)
			RebuildTransferFunctionScriptingTraits (0ms)
			SetupTypeCache (533ms)
			ReleaseScriptCaches (2ms)
			RebuildScriptCaches (78ms)
			SetupLoadedEditorAssemblies (501ms)
				LogAssemblyErrors (0ms)
				InitializePlatformSupportModulesInManaged (9ms)
				SetLoadedEditorAssemblies (1ms)
				RefreshPlugins (1ms)
				BeforeProcessingInitializeOnLoad (96ms)
				ProcessInitializeOnLoadAttributes (370ms)
				ProcessInitializeOnLoadMethodAttributes (19ms)
				AfterProcessingInitializeOnLoad (5ms)
				EditorAssembliesLoaded (0ms)
			ExecutionOrderSort2 (0ms)
			AwakeInstancesAfterBackupRestoration (16ms)
Platform modules already initialized, skipping
Switching build target platform(19) subTarget(0) extendedPlatform(0) -> platform(13) subTarget(537395200) extendedPlatform(0)
Refreshing native plugins compatible for Editor in 0.76 ms, found 3 plugins.
Preloading 0 native plugins for Editor in 0.00 ms.
Unloading 2340 Unused Serialized files (Serialized files now loaded: 0)
System memory in use before: 104.8 MB.
System memory in use after: 105.0 MB.

Unloading 30 unused Assets to reduce memory usage. Loaded Objects now: 2802.
Total: 7.124600 ms (FindLiveObjects: 0.308800 ms CreateObjectMapping: 0.206900 ms MarkObjects: 6.550300 ms  DeleteObjects: 0.056400 ms)

AssetImportParameters requested are different than current active one (requested -> active):
  custom:framework-win-MediaFoundation: 216162199b28c13a410421893ffa2e32 -> 
  custom:video-decoder-ogg-theora: a1e56fd34408186e4bbccfd4996cb3dc -> 
  custom:container-muxer-webm: aa71ff27fc2769a1b78a27578f13a17b -> 
  custom:container-demuxer-webm: 4f35f7cbe854078d1ac9338744f61a02 -> 
  custom:container-demuxer-ogg: 62fdf1f143b41e24485cea50d1cbac27 -> 
  custom:video-encoder-webm-vp8: eb34c28f22e8b96e1ab97ce403110664 -> 
  custom:video-decoder-webm-vp8: 9c59270c3fd7afecdb556c50c9e8de78 -> 
  custom:graphics/normal-map-encoding: 01000000000000000000000000000000 -> 02000000000000000000000000000000
  custom:audio-decoder-ogg-vorbis: bf7c407c2cedff20999df2af8eb42d56 -> 
  custom:audio-encoder-webm-vorbis: bf7c407c2cedff20999df2af8eb42d56 -> 
========================================================================
Received Import Request.
  Time since last request: 314.130198 seconds.
  path: Assets/Prefabs/Effects/Player Block Effect.prefab
  artifactKey: Guid(88e00a127ac896f47b64274fe1ef9152) Importer(815301076,1909f56bfc062723c751e8b465ee728b)
Start importing Assets/Prefabs/Effects/Player Block Effect.prefab using Guid(88e00a127ac896f47b64274fe1ef9152) Importer(815301076,1909f56bfc062723c751e8b465ee728b)  -> (artifact id: '1ad3a23b2f689280bc51c438fd04262f') in 0.108438 seconds 
  Import took 0.225861 seconds .

========================================================================
Received Import Request.
  Time since last request: 7.368611 seconds.
  path: Assets/Prefabs/Effects/Player Block Effect.prefab
  artifactKey: Guid(88e00a127ac896f47b64274fe1ef9152) Importer(815301076,1909f56bfc062723c751e8b465ee728b)
Start importing Assets/Prefabs/Effects/Player Block Effect.prefab using Guid(88e00a127ac896f47b64274fe1ef9152) Importer(815301076,1909f56bfc062723c751e8b465ee728b)  -> (artifact id: '7ca9307988f2c16cc2347532e22f277a') in 0.036647 seconds 
  Import took 0.093658 seconds .

========================================================================
Received Import Request.
  Time since last request: 8.578392 seconds.
  path: Assets/Prefabs/Effects/Player Block Effect.prefab
  artifactKey: Guid(88e00a127ac896f47b64274fe1ef9152) Importer(815301076,1909f56bfc062723c751e8b465ee728b)
Start importing Assets/Prefabs/Effects/Player Block Effect.prefab using Guid(88e00a127ac896f47b64274fe1ef9152) Importer(815301076,1909f56bfc062723c751e8b465ee728b)  -> (artifact id: '27663623cab182a1160c4ea0a93653e0') in 0.018562 seconds 
  Import took 0.036848 seconds .

========================================================================
Received Import Request.
  Time since last request: 12.236326 seconds.
  path: Assets/Prefabs/Effects/Player Block Effect.prefab
  artifactKey: Guid(88e00a127ac896f47b64274fe1ef9152) Importer(815301076,1909f56bfc062723c751e8b465ee728b)
Start importing Assets/Prefabs/Effects/Player Block Effect.prefab using Guid(88e00a127ac896f47b64274fe1ef9152) Importer(815301076,1909f56bfc062723c751e8b465ee728b)  -> (artifact id: '266d1ccb8cbe5ecd7f1f2d97f5051d4b') in 0.020033 seconds 
  Import took 0.074286 seconds .

========================================================================
Received Import Request.
  Time since last request: 8.303082 seconds.
  path: Assets/Prefabs/Effects/Player Block Effect.prefab
  artifactKey: Guid(88e00a127ac896f47b64274fe1ef9152) Importer(815301076,1909f56bfc062723c751e8b465ee728b)
Start importing Assets/Prefabs/Effects/Player Block Effect.prefab using Guid(88e00a127ac896f47b64274fe1ef9152) Importer(815301076,1909f56bfc062723c751e8b465ee728b)  -> (artifact id: '35da9334d6d964f32c4cc5cf4b637b36') in 0.017264 seconds 
  Import took 0.039059 seconds .

========================================================================
Received Import Request.
  Time since last request: 9.639951 seconds.
  path: Assets/Prefabs/Effects/Player Block Effect.prefab
  artifactKey: Guid(88e00a127ac896f47b64274fe1ef9152) Importer(815301076,1909f56bfc062723c751e8b465ee728b)
Start importing Assets/Prefabs/Effects/Player Block Effect.prefab using Guid(88e00a127ac896f47b64274fe1ef9152) Importer(815301076,1909f56bfc062723c751e8b465ee728b)  -> (artifact id: 'd256dc76514a54cc019d63b0c576a46f') in 0.050794 seconds 
  Import took 0.104785 seconds .

========================================================================
Received Prepare
Registering precompiled user dll's ...
Registered in 0.008245 seconds.
Begin MonoManager ReloadAssembly
Native extension for WindowsStandalone target not found
Native extension for WebGL target not found
Refreshing native plugins compatible for Editor in 1.32 ms, found 3 plugins.
Preloading 0 native plugins for Editor in 0.00 ms.
Mono: successfully reloaded assembly
- Completed reload, in  1.392 seconds
Domain Reload Profiling:
	ReloadAssembly (1393ms)
		BeginReloadAssembly (156ms)
			ExecutionOrderSort (0ms)
			DisableScriptedObjects (9ms)
			BackupInstance (0ms)
			ReleaseScriptingObjects (0ms)
			CreateAndSetChildDomain (46ms)
		EndReloadAssembly (1160ms)
			LoadAssemblies (134ms)
			RebuildTransferFunctionScriptingTraits (0ms)
			SetupTypeCache (397ms)
			ReleaseScriptCaches (2ms)
			RebuildScriptCaches (58ms)
			SetupLoadedEditorAssemblies (413ms)
				LogAssemblyErrors (0ms)
				InitializePlatformSupportModulesInManaged (9ms)
				SetLoadedEditorAssemblies (1ms)
				RefreshPlugins (2ms)
				BeforeProcessingInitializeOnLoad (91ms)
				ProcessInitializeOnLoadAttributes (293ms)
				ProcessInitializeOnLoadMethodAttributes (14ms)
				AfterProcessingInitializeOnLoad (4ms)
				EditorAssembliesLoaded (0ms)
			ExecutionOrderSort2 (0ms)
			AwakeInstancesAfterBackupRestoration (12ms)
Platform modules already initialized, skipping
Switching build target platform(19) subTarget(0) extendedPlatform(0) -> platform(13) subTarget(537395200) extendedPlatform(0)
Refreshing native plugins compatible for Editor in 0.83 ms, found 3 plugins.
Preloading 0 native plugins for Editor in 0.00 ms.
Unloading 2340 Unused Serialized files (Serialized files now loaded: 0)
System memory in use before: 104.7 MB.
System memory in use after: 104.9 MB.

Unloading 30 unused Assets to reduce memory usage. Loaded Objects now: 2805.
Total: 5.004200 ms (FindLiveObjects: 0.320300 ms CreateObjectMapping: 0.087500 ms MarkObjects: 4.564600 ms  DeleteObjects: 0.030300 ms)

AssetImportParameters requested are different than current active one (requested -> active):
  custom:framework-win-MediaFoundation: 216162199b28c13a410421893ffa2e32 -> 
  custom:video-decoder-ogg-theora: a1e56fd34408186e4bbccfd4996cb3dc -> 
  custom:container-muxer-webm: aa71ff27fc2769a1b78a27578f13a17b -> 
  custom:container-demuxer-webm: 4f35f7cbe854078d1ac9338744f61a02 -> 
  custom:container-demuxer-ogg: 62fdf1f143b41e24485cea50d1cbac27 -> 
  custom:video-encoder-webm-vp8: eb34c28f22e8b96e1ab97ce403110664 -> 
  custom:video-decoder-webm-vp8: 9c59270c3fd7afecdb556c50c9e8de78 -> 
  custom:graphics/normal-map-encoding: 01000000000000000000000000000000 -> 02000000000000000000000000000000
  custom:audio-decoder-ogg-vorbis: bf7c407c2cedff20999df2af8eb42d56 -> 
  custom:audio-encoder-webm-vorbis: bf7c407c2cedff20999df2af8eb42d56 -> 
========================================================================
Received Prepare
Registering precompiled user dll's ...
Registered in 0.006087 seconds.
Begin MonoManager ReloadAssembly
Native extension for WindowsStandalone target not found
Native extension for WebGL target not found
Refreshing native plugins compatible for Editor in 1.04 ms, found 3 plugins.
Preloading 0 native plugins for Editor in 0.00 ms.
Mono: successfully reloaded assembly
- Completed reload, in  1.628 seconds
Domain Reload Profiling:
	ReloadAssembly (1629ms)
		BeginReloadAssembly (165ms)
			ExecutionOrderSort (0ms)
			DisableScriptedObjects (9ms)
			BackupInstance (0ms)
			ReleaseScriptingObjects (0ms)
			CreateAndSetChildDomain (62ms)
		EndReloadAssembly (1374ms)
			LoadAssemblies (140ms)
			RebuildTransferFunctionScriptingTraits (0ms)
			SetupTypeCache (451ms)
			ReleaseScriptCaches (1ms)
			RebuildScriptCaches (72ms)
			SetupLoadedEditorAssemblies (494ms)
				LogAssemblyErrors (0ms)
				InitializePlatformSupportModulesInManaged (9ms)
				SetLoadedEditorAssemblies (1ms)
				RefreshPlugins (1ms)
				BeforeProcessingInitializeOnLoad (86ms)
				ProcessInitializeOnLoadAttributes (375ms)
				ProcessInitializeOnLoadMethodAttributes (16ms)
				AfterProcessingInitializeOnLoad (5ms)
				EditorAssembliesLoaded (0ms)
			ExecutionOrderSort2 (0ms)
			AwakeInstancesAfterBackupRestoration (15ms)
Platform modules already initialized, skipping
Switching build target platform(19) subTarget(0) extendedPlatform(0) -> platform(13) subTarget(537395200) extendedPlatform(0)
Refreshing native plugins compatible for Editor in 0.86 ms, found 3 plugins.
Preloading 0 native plugins for Editor in 0.00 ms.
Unloading 2340 Unused Serialized files (Serialized files now loaded: 0)
System memory in use before: 104.8 MB.
System memory in use after: 105.0 MB.

Unloading 30 unused Assets to reduce memory usage. Loaded Objects now: 2807.
Total: 4.315800 ms (FindLiveObjects: 0.290300 ms CreateObjectMapping: 0.075900 ms MarkObjects: 3.918000 ms  DeleteObjects: 0.030000 ms)

AssetImportParameters requested are different than current active one (requested -> active):
  custom:framework-win-MediaFoundation: 216162199b28c13a410421893ffa2e32 -> 
  custom:video-decoder-ogg-theora: a1e56fd34408186e4bbccfd4996cb3dc -> 
  custom:container-muxer-webm: aa71ff27fc2769a1b78a27578f13a17b -> 
  custom:container-demuxer-webm: 4f35f7cbe854078d1ac9338744f61a02 -> 
  custom:container-demuxer-ogg: 62fdf1f143b41e24485cea50d1cbac27 -> 
  custom:video-encoder-webm-vp8: eb34c28f22e8b96e1ab97ce403110664 -> 
  custom:video-decoder-webm-vp8: 9c59270c3fd7afecdb556c50c9e8de78 -> 
  custom:graphics/normal-map-encoding: 01000000000000000000000000000000 -> 02000000000000000000000000000000
  custom:audio-decoder-ogg-vorbis: bf7c407c2cedff20999df2af8eb42d56 -> 
  custom:audio-encoder-webm-vorbis: bf7c407c2cedff20999df2af8eb42d56 -> 
========================================================================
Received Import Request.
  Time since last request: 229.779457 seconds.
  path: Assets/Prefabs/Effects/Player Damage Effect.prefab
  artifactKey: Guid(43ada73e1d3f29345a945cbff84ef172) Importer(815301076,1909f56bfc062723c751e8b465ee728b)
Start importing Assets/Prefabs/Effects/Player Damage Effect.prefab using Guid(43ada73e1d3f29345a945cbff84ef172) Importer(815301076,1909f56bfc062723c751e8b465ee728b)  -> (artifact id: '4304f003ac0d3c22ae746ae75b72c49b') in 0.118859 seconds 
  Import took 0.284959 seconds .

========================================================================
Received Import Request.
  Time since last request: 13.834820 seconds.
  path: Assets/Scenes/Stage 0.unity
  artifactKey: Guid(9853b12d71932f2479978fff84139838) Importer(815301076,1909f56bfc062723c751e8b465ee728b)
Start importing Assets/Scenes/Stage 0.unity using Guid(9853b12d71932f2479978fff84139838) Importer(815301076,1909f56bfc062723c751e8b465ee728b)  -> (artifact id: 'c978b0bfbf47b2365feab68350ad5d4c') in 0.017622 seconds 
  Import took 0.025766 seconds .

========================================================================
Received Prepare
Registering precompiled user dll's ...
Registered in 0.006075 seconds.
Begin MonoManager ReloadAssembly
Native extension for WindowsStandalone target not found
Native extension for WebGL target not found
Refreshing native plugins compatible for Editor in 0.99 ms, found 3 plugins.
Preloading 0 native plugins for Editor in 0.00 ms.
Mono: successfully reloaded assembly
- Completed reload, in  1.563 seconds
Domain Reload Profiling:
	ReloadAssembly (1564ms)
		BeginReloadAssembly (223ms)
			ExecutionOrderSort (0ms)
			DisableScriptedObjects (7ms)
			BackupInstance (0ms)
			ReleaseScriptingObjects (0ms)
			CreateAndSetChildDomain (121ms)
		EndReloadAssembly (1259ms)
			LoadAssemblies (132ms)
			RebuildTransferFunctionScriptingTraits (0ms)
			SetupTypeCache (447ms)
			ReleaseScriptCaches (2ms)
			RebuildScriptCaches (62ms)
			SetupLoadedEditorAssemblies (430ms)
				LogAssemblyErrors (0ms)
				InitializePlatformSupportModulesInManaged (7ms)
				SetLoadedEditorAssemblies (1ms)
				RefreshPlugins (1ms)
				BeforeProcessingInitializeOnLoad (102ms)
				ProcessInitializeOnLoadAttributes (302ms)
				ProcessInitializeOnLoadMethodAttributes (14ms)
				AfterProcessingInitializeOnLoad (3ms)
				EditorAssembliesLoaded (0ms)
			ExecutionOrderSort2 (0ms)
			AwakeInstancesAfterBackupRestoration (13ms)
Platform modules already initialized, skipping
Switching build target platform(19) subTarget(0) extendedPlatform(0) -> platform(13) subTarget(537395200) extendedPlatform(0)
Refreshing native plugins compatible for Editor in 1.20 ms, found 3 plugins.
Preloading 0 native plugins for Editor in 0.00 ms.
Unloading 2340 Unused Serialized files (Serialized files now loaded: 0)
System memory in use before: 104.8 MB.
System memory in use after: 105.0 MB.

Unloading 30 unused Assets to reduce memory usage. Loaded Objects now: 2810.
Total: 4.315400 ms (FindLiveObjects: 0.278700 ms CreateObjectMapping: 0.070700 ms MarkObjects: 3.934600 ms  DeleteObjects: 0.029600 ms)

AssetImportParameters requested are different than current active one (requested -> active):
  custom:framework-win-MediaFoundation: 216162199b28c13a410421893ffa2e32 -> 
  custom:video-decoder-ogg-theora: a1e56fd34408186e4bbccfd4996cb3dc -> 
  custom:container-muxer-webm: aa71ff27fc2769a1b78a27578f13a17b -> 
  custom:container-demuxer-webm: 4f35f7cbe854078d1ac9338744f61a02 -> 
  custom:container-demuxer-ogg: 62fdf1f143b41e24485cea50d1cbac27 -> 
  custom:video-encoder-webm-vp8: eb34c28f22e8b96e1ab97ce403110664 -> 
  custom:video-decoder-webm-vp8: 9c59270c3fd7afecdb556c50c9e8de78 -> 
  custom:graphics/normal-map-encoding: 01000000000000000000000000000000 -> 02000000000000000000000000000000
  custom:audio-decoder-ogg-vorbis: bf7c407c2cedff20999df2af8eb42d56 -> 
  custom:audio-encoder-webm-vorbis: bf7c407c2cedff20999df2af8eb42d56 -> 
========================================================================
Received Prepare
Registering precompiled user dll's ...
Registered in 0.006481 seconds.
Begin MonoManager ReloadAssembly
Native extension for WindowsStandalone target not found
Native extension for WebGL target not found
Refreshing native plugins compatible for Editor in 0.85 ms, found 3 plugins.
Preloading 0 native plugins for Editor in 0.00 ms.
Mono: successfully reloaded assembly
- Completed reload, in  1.467 seconds
Domain Reload Profiling:
	ReloadAssembly (1468ms)
		BeginReloadAssembly (150ms)
			ExecutionOrderSort (0ms)
			DisableScriptedObjects (9ms)
			BackupInstance (0ms)
			ReleaseScriptingObjects (0ms)
			CreateAndSetChildDomain (49ms)
		EndReloadAssembly (1231ms)
			LoadAssemblies (120ms)
			RebuildTransferFunctionScriptingTraits (0ms)
			SetupTypeCache (424ms)
			ReleaseScriptCaches (1ms)
			RebuildScriptCaches (54ms)
			SetupLoadedEditorAssemblies (438ms)
				LogAssemblyErrors (0ms)
				InitializePlatformSupportModulesInManaged (7ms)
				SetLoadedEditorAssemblies (1ms)
				RefreshPlugins (1ms)
				BeforeProcessingInitializeOnLoad (93ms)
				ProcessInitializeOnLoadAttributes (316ms)
				ProcessInitializeOnLoadMethodAttributes (16ms)
				AfterProcessingInitializeOnLoad (3ms)
				EditorAssembliesLoaded (0ms)
			ExecutionOrderSort2 (0ms)
			AwakeInstancesAfterBackupRestoration (13ms)
Platform modules already initialized, skipping
Switching build target platform(19) subTarget(0) extendedPlatform(0) -> platform(13) subTarget(537395200) extendedPlatform(0)
Refreshing native plugins compatible for Editor in 0.97 ms, found 3 plugins.
Preloading 0 native plugins for Editor in 0.00 ms.
Unloading 2340 Unused Serialized files (Serialized files now loaded: 0)
System memory in use before: 104.8 MB.
System memory in use after: 105.0 MB.

Unloading 30 unused Assets to reduce memory usage. Loaded Objects now: 2812.
Total: 4.759800 ms (FindLiveObjects: 0.300000 ms CreateObjectMapping: 0.084100 ms MarkObjects: 4.343000 ms  DeleteObjects: 0.031000 ms)

AssetImportParameters requested are different than current active one (requested -> active):
  custom:framework-win-MediaFoundation: 216162199b28c13a410421893ffa2e32 -> 
  custom:video-decoder-ogg-theora: a1e56fd34408186e4bbccfd4996cb3dc -> 
  custom:container-muxer-webm: aa71ff27fc2769a1b78a27578f13a17b -> 
  custom:container-demuxer-webm: 4f35f7cbe854078d1ac9338744f61a02 -> 
  custom:container-demuxer-ogg: 62fdf1f143b41e24485cea50d1cbac27 -> 
  custom:video-encoder-webm-vp8: eb34c28f22e8b96e1ab97ce403110664 -> 
  custom:video-decoder-webm-vp8: 9c59270c3fd7afecdb556c50c9e8de78 -> 
  custom:graphics/normal-map-encoding: 01000000000000000000000000000000 -> 02000000000000000000000000000000
  custom:audio-decoder-ogg-vorbis: bf7c407c2cedff20999df2af8eb42d56 -> 
  custom:audio-encoder-webm-vorbis: bf7c407c2cedff20999df2af8eb42d56 -> 
========================================================================
Received Import Request.
  Time since last request: 344.482382 seconds.
  path: Assets/Prefabs/Effects/Block Effect.prefab
  artifactKey: Guid(dbed53a5468ff18449dd2e26fa6db8fb) Importer(815301076,1909f56bfc062723c751e8b465ee728b)
Start importing Assets/Prefabs/Effects/Block Effect.prefab using Guid(dbed53a5468ff18449dd2e26fa6db8fb) Importer(815301076,1909f56bfc062723c751e8b465ee728b)  -> (artifact id: 'a6188c76e4a5bee664ba3d833be3ea77') in 0.117132 seconds 
  Import took 0.165693 seconds .

========================================================================
Received Import Request.
  Time since last request: 27.790564 seconds.
  path: Assets/Prefabs/Effects/Block Effect.prefab
  artifactKey: Guid(dbed53a5468ff18449dd2e26fa6db8fb) Importer(815301076,1909f56bfc062723c751e8b465ee728b)
Start importing Assets/Prefabs/Effects/Block Effect.prefab using Guid(dbed53a5468ff18449dd2e26fa6db8fb) Importer(815301076,1909f56bfc062723c751e8b465ee728b)  -> (artifact id: 'c729379a948434e34b61253203eca2b8') in 0.014490 seconds 
  Import took 0.099558 seconds .

========================================================================
Received Import Request.
  Time since last request: 3.932752 seconds.
  path: Assets/Prefabs/Effects/Block Effect.prefab
  artifactKey: Guid(dbed53a5468ff18449dd2e26fa6db8fb) Importer(815301076,1909f56bfc062723c751e8b465ee728b)
Start importing Assets/Prefabs/Effects/Block Effect.prefab using Guid(dbed53a5468ff18449dd2e26fa6db8fb) Importer(815301076,1909f56bfc062723c751e8b465ee728b)  -> (artifact id: '02d98616d4397b80c57d4557f5be3287') in 0.034193 seconds 
  Import took 0.071634 seconds .

========================================================================
Received Import Request.
  Time since last request: 14.095154 seconds.
  path: Assets/Prefabs/Effects/Block Effect.prefab
  artifactKey: Guid(dbed53a5468ff18449dd2e26fa6db8fb) Importer(815301076,1909f56bfc062723c751e8b465ee728b)
Start importing Assets/Prefabs/Effects/Block Effect.prefab using Guid(dbed53a5468ff18449dd2e26fa6db8fb) Importer(815301076,1909f56bfc062723c751e8b465ee728b)  -> (artifact id: 'a5a7a1e2fd321fd75f1c580314b03492') in 0.067887 seconds 
  Import took 0.123122 seconds .

========================================================================
Received Import Request.
  Time since last request: 2.068925 seconds.
  path: Assets/Prefabs/Effects/Block Effect.prefab
  artifactKey: Guid(dbed53a5468ff18449dd2e26fa6db8fb) Importer(815301076,1909f56bfc062723c751e8b465ee728b)
Start importing Assets/Prefabs/Effects/Block Effect.prefab using Guid(dbed53a5468ff18449dd2e26fa6db8fb) Importer(815301076,1909f56bfc062723c751e8b465ee728b)  -> (artifact id: '4df9f5c2381cff8dae3acc6eb608e670') in 0.043122 seconds 
  Import took 0.093434 seconds .

========================================================================
Received Import Request.
  Time since last request: 40.981219 seconds.
  path: Assets/Prefabs/Effects/Block Effect.prefab
  artifactKey: Guid(dbed53a5468ff18449dd2e26fa6db8fb) Importer(815301076,1909f56bfc062723c751e8b465ee728b)
Start importing Assets/Prefabs/Effects/Block Effect.prefab using Guid(dbed53a5468ff18449dd2e26fa6db8fb) Importer(815301076,1909f56bfc062723c751e8b465ee728b)  -> (artifact id: '7631a3d799c54fafec2c97d9975628c8') in 0.014763 seconds 
  Import took 0.053032 seconds .

========================================================================
Received Import Request.
  Time since last request: 2.473772 seconds.
  path: Assets/Prefabs/Effects/Block Effect.prefab
  artifactKey: Guid(dbed53a5468ff18449dd2e26fa6db8fb) Importer(815301076,1909f56bfc062723c751e8b465ee728b)
Start importing Assets/Prefabs/Effects/Block Effect.prefab using Guid(dbed53a5468ff18449dd2e26fa6db8fb) Importer(815301076,1909f56bfc062723c751e8b465ee728b)  -> (artifact id: 'b8fe68116ba2d0b1233bcb5ddab12a07') in 0.016049 seconds 
  Import took 0.054853 seconds .

========================================================================
Received Import Request.
  Time since last request: 14.958211 seconds.
  path: Assets/Prefabs/Effects/Block Effect.prefab
  artifactKey: Guid(dbed53a5468ff18449dd2e26fa6db8fb) Importer(815301076,1909f56bfc062723c751e8b465ee728b)
Start importing Assets/Prefabs/Effects/Block Effect.prefab using Guid(dbed53a5468ff18449dd2e26fa6db8fb) Importer(815301076,1909f56bfc062723c751e8b465ee728b)  -> (artifact id: '8b0e9297053b699130a1842e2df4df90') in 0.027211 seconds 
  Import took 0.033678 seconds .

========================================================================
Received Import Request.
  Time since last request: 12.708770 seconds.
  path: Assets/Prefabs/Effects/Block Effect.prefab
  artifactKey: Guid(dbed53a5468ff18449dd2e26fa6db8fb) Importer(815301076,1909f56bfc062723c751e8b465ee728b)
Start importing Assets/Prefabs/Effects/Block Effect.prefab using Guid(dbed53a5468ff18449dd2e26fa6db8fb) Importer(815301076,1909f56bfc062723c751e8b465ee728b)  -> (artifact id: '9d0400ef18ad60c2db850c42592ee5fc') in 0.022471 seconds 
  Import took 0.055034 seconds .

========================================================================
Received Import Request.
  Time since last request: 6.503224 seconds.
  path: Assets/Prefabs/Effects/Block Effect.prefab
  artifactKey: Guid(dbed53a5468ff18449dd2e26fa6db8fb) Importer(815301076,1909f56bfc062723c751e8b465ee728b)
Start importing Assets/Prefabs/Effects/Block Effect.prefab using Guid(dbed53a5468ff18449dd2e26fa6db8fb) Importer(815301076,1909f56bfc062723c751e8b465ee728b)  -> (artifact id: '31fd22c692e99461e8a04c2efbffde58') in 0.020867 seconds 
  Import took 0.027404 seconds .

========================================================================
Received Import Request.
  Time since last request: 3.258149 seconds.
  path: Assets/Prefabs/Effects/Block Effect.prefab
  artifactKey: Guid(dbed53a5468ff18449dd2e26fa6db8fb) Importer(815301076,1909f56bfc062723c751e8b465ee728b)
Start importing Assets/Prefabs/Effects/Block Effect.prefab using Guid(dbed53a5468ff18449dd2e26fa6db8fb) Importer(815301076,1909f56bfc062723c751e8b465ee728b)  -> (artifact id: 'c256025bcf72512bbd2796ff09996a20') in 0.037822 seconds 
  Import took 0.043047 seconds .

========================================================================
Received Prepare
Registering precompiled user dll's ...
Registered in 0.007986 seconds.
Begin MonoManager ReloadAssembly
Native extension for WindowsStandalone target not found
Native extension for WebGL target not found
Refreshing native plugins compatible for Editor in 0.90 ms, found 3 plugins.
Preloading 0 native plugins for Editor in 0.00 ms.
Mono: successfully reloaded assembly
- Completed reload, in  1.453 seconds
Domain Reload Profiling:
	ReloadAssembly (1454ms)
		BeginReloadAssembly (167ms)
			ExecutionOrderSort (0ms)
			DisableScriptedObjects (10ms)
			BackupInstance (0ms)
			ReleaseScriptingObjects (0ms)
			CreateAndSetChildDomain (55ms)
		EndReloadAssembly (1204ms)
			LoadAssemblies (133ms)
			RebuildTransferFunctionScriptingTraits (0ms)
			SetupTypeCache (436ms)
			ReleaseScriptCaches (1ms)
			RebuildScriptCaches (52ms)
			SetupLoadedEditorAssemblies (417ms)
				LogAssemblyErrors (0ms)
				InitializePlatformSupportModulesInManaged (7ms)
				SetLoadedEditorAssemblies (1ms)
				RefreshPlugins (1ms)
				BeforeProcessingInitializeOnLoad (84ms)
				ProcessInitializeOnLoadAttributes (303ms)
				ProcessInitializeOnLoadMethodAttributes (17ms)
				AfterProcessingInitializeOnLoad (3ms)
				EditorAssembliesLoaded (0ms)
			ExecutionOrderSort2 (0ms)
			AwakeInstancesAfterBackupRestoration (14ms)
Platform modules already initialized, skipping
Switching build target platform(19) subTarget(0) extendedPlatform(0) -> platform(13) subTarget(537395200) extendedPlatform(0)
Refreshing native plugins compatible for Editor in 0.84 ms, found 3 plugins.
Preloading 0 native plugins for Editor in 0.00 ms.
Unloading 2340 Unused Serialized files (Serialized files now loaded: 0)
System memory in use before: 104.8 MB.
System memory in use after: 105.0 MB.

Unloading 30 unused Assets to reduce memory usage. Loaded Objects now: 2815.
Total: 4.799800 ms (FindLiveObjects: 0.318300 ms CreateObjectMapping: 0.077400 ms MarkObjects: 4.368800 ms  DeleteObjects: 0.033400 ms)

AssetImportParameters requested are different than current active one (requested -> active):
  custom:framework-win-MediaFoundation: 216162199b28c13a410421893ffa2e32 -> 
  custom:video-decoder-ogg-theora: a1e56fd34408186e4bbccfd4996cb3dc -> 
  custom:container-muxer-webm: aa71ff27fc2769a1b78a27578f13a17b -> 
  custom:container-demuxer-webm: 4f35f7cbe854078d1ac9338744f61a02 -> 
  custom:container-demuxer-ogg: 62fdf1f143b41e24485cea50d1cbac27 -> 
  custom:video-encoder-webm-vp8: eb34c28f22e8b96e1ab97ce403110664 -> 
  custom:video-decoder-webm-vp8: 9c59270c3fd7afecdb556c50c9e8de78 -> 
  custom:graphics/normal-map-encoding: 01000000000000000000000000000000 -> 02000000000000000000000000000000
  custom:audio-decoder-ogg-vorbis: bf7c407c2cedff20999df2af8eb42d56 -> 
  custom:audio-encoder-webm-vorbis: bf7c407c2cedff20999df2af8eb42d56 -> 
========================================================================
Received Prepare
Registering precompiled user dll's ...
Registered in 0.006105 seconds.
Begin MonoManager ReloadAssembly
Native extension for WindowsStandalone target not found
Native extension for WebGL target not found
Refreshing native plugins compatible for Editor in 0.76 ms, found 3 plugins.
Preloading 0 native plugins for Editor in 0.00 ms.
Mono: successfully reloaded assembly
- Completed reload, in  1.239 seconds
Domain Reload Profiling:
	ReloadAssembly (1240ms)
		BeginReloadAssembly (147ms)
			ExecutionOrderSort (0ms)
			DisableScriptedObjects (9ms)
			BackupInstance (0ms)
			ReleaseScriptingObjects (0ms)
			CreateAndSetChildDomain (44ms)
		EndReloadAssembly (1019ms)
			LoadAssemblies (117ms)
			RebuildTransferFunctionScriptingTraits (0ms)
			SetupTypeCache (344ms)
			ReleaseScriptCaches (1ms)
			RebuildScriptCaches (58ms)
			SetupLoadedEditorAssemblies (362ms)
				LogAssemblyErrors (0ms)
				InitializePlatformSupportModulesInManaged (6ms)
				SetLoadedEditorAssemblies (1ms)
				RefreshPlugins (1ms)
				BeforeProcessingInitializeOnLoad (72ms)
				ProcessInitializeOnLoadAttributes (262ms)
				ProcessInitializeOnLoadMethodAttributes (15ms)
				AfterProcessingInitializeOnLoad (5ms)
				EditorAssembliesLoaded (0ms)
			ExecutionOrderSort2 (0ms)
			AwakeInstancesAfterBackupRestoration (13ms)
Platform modules already initialized, skipping
Switching build target platform(19) subTarget(0) extendedPlatform(0) -> platform(13) subTarget(537395200) extendedPlatform(0)
Refreshing native plugins compatible for Editor in 0.77 ms, found 3 plugins.
Preloading 0 native plugins for Editor in 0.00 ms.
Unloading 2340 Unused Serialized files (Serialized files now loaded: 0)
System memory in use before: 104.7 MB.
System memory in use after: 104.9 MB.

Unloading 30 unused Assets to reduce memory usage. Loaded Objects now: 2817.
Total: 3.700300 ms (FindLiveObjects: 0.266400 ms CreateObjectMapping: 0.064300 ms MarkObjects: 3.342200 ms  DeleteObjects: 0.025700 ms)

AssetImportParameters requested are different than current active one (requested -> active):
  custom:framework-win-MediaFoundation: 216162199b28c13a410421893ffa2e32 -> 
  custom:video-decoder-ogg-theora: a1e56fd34408186e4bbccfd4996cb3dc -> 
  custom:container-muxer-webm: aa71ff27fc2769a1b78a27578f13a17b -> 
  custom:container-demuxer-webm: 4f35f7cbe854078d1ac9338744f61a02 -> 
  custom:container-demuxer-ogg: 62fdf1f143b41e24485cea50d1cbac27 -> 
  custom:video-encoder-webm-vp8: eb34c28f22e8b96e1ab97ce403110664 -> 
  custom:video-decoder-webm-vp8: 9c59270c3fd7afecdb556c50c9e8de78 -> 
  custom:graphics/normal-map-encoding: 01000000000000000000000000000000 -> 02000000000000000000000000000000
  custom:audio-decoder-ogg-vorbis: bf7c407c2cedff20999df2af8eb42d56 -> 
  custom:audio-encoder-webm-vorbis: bf7c407c2cedff20999df2af8eb42d56 -> 
========================================================================
Received Import Request.
  Time since last request: 481.148328 seconds.
  path: Assets/Scenes/Stage 1.unity
  artifactKey: Guid(2cda990e2423bbf4892e6590ba056729) Importer(815301076,1909f56bfc062723c751e8b465ee728b)
Start importing Assets/Scenes/Stage 1.unity using Guid(2cda990e2423bbf4892e6590ba056729) Importer(815301076,1909f56bfc062723c751e8b465ee728b)  -> (artifact id: '90bbdf7f0896627e39e7ccddbd1ee50e') in 0.029017 seconds 
  Import took 0.097619 seconds .

========================================================================
Received Prepare
Registering precompiled user dll's ...
Registered in 0.004726 seconds.
Begin MonoManager ReloadAssembly
Native extension for WindowsStandalone target not found
Native extension for WebGL target not found
Refreshing native plugins compatible for Editor in 0.87 ms, found 3 plugins.
Preloading 0 native plugins for Editor in 0.00 ms.
Mono: successfully reloaded assembly
- Completed reload, in  1.429 seconds
Domain Reload Profiling:
	ReloadAssembly (1430ms)
		BeginReloadAssembly (158ms)
			ExecutionOrderSort (0ms)
			DisableScriptedObjects (11ms)
			BackupInstance (0ms)
			ReleaseScriptingObjects (0ms)
			CreateAndSetChildDomain (47ms)
		EndReloadAssembly (1189ms)
			LoadAssemblies (132ms)
			RebuildTransferFunctionScriptingTraits (0ms)
			SetupTypeCache (413ms)
			ReleaseScriptCaches (1ms)
			RebuildScriptCaches (60ms)
			SetupLoadedEditorAssemblies (399ms)
				LogAssemblyErrors (0ms)
				InitializePlatformSupportModulesInManaged (7ms)
				SetLoadedEditorAssemblies (1ms)
				RefreshPlugins (1ms)
				BeforeProcessingInitializeOnLoad (86ms)
				ProcessInitializeOnLoadAttributes (282ms)
				ProcessInitializeOnLoadMethodAttributes (16ms)
				AfterProcessingInitializeOnLoad (6ms)
				EditorAssembliesLoaded (0ms)
			ExecutionOrderSort2 (0ms)
			AwakeInstancesAfterBackupRestoration (16ms)
Platform modules already initialized, skipping
Switching build target platform(19) subTarget(0) extendedPlatform(0) -> platform(13) subTarget(537395200) extendedPlatform(0)
Refreshing native plugins compatible for Editor in 0.75 ms, found 3 plugins.
Preloading 0 native plugins for Editor in 0.00 ms.
Unloading 2340 Unused Serialized files (Serialized files now loaded: 0)
System memory in use before: 104.8 MB.
System memory in use after: 105.0 MB.

Unloading 30 unused Assets to reduce memory usage. Loaded Objects now: 2819.
Total: 4.764900 ms (FindLiveObjects: 0.296800 ms CreateObjectMapping: 0.092800 ms MarkObjects: 4.338200 ms  DeleteObjects: 0.035400 ms)

AssetImportParameters requested are different than current active one (requested -> active):
  custom:framework-win-MediaFoundation: 216162199b28c13a410421893ffa2e32 -> 
  custom:video-decoder-ogg-theora: a1e56fd34408186e4bbccfd4996cb3dc -> 
  custom:container-muxer-webm: aa71ff27fc2769a1b78a27578f13a17b -> 
  custom:container-demuxer-webm: 4f35f7cbe854078d1ac9338744f61a02 -> 
  custom:container-demuxer-ogg: 62fdf1f143b41e24485cea50d1cbac27 -> 
  custom:video-encoder-webm-vp8: eb34c28f22e8b96e1ab97ce403110664 -> 
  custom:video-decoder-webm-vp8: 9c59270c3fd7afecdb556c50c9e8de78 -> 
  custom:graphics/normal-map-encoding: 01000000000000000000000000000000 -> 02000000000000000000000000000000
  custom:audio-decoder-ogg-vorbis: bf7c407c2cedff20999df2af8eb42d56 -> 
  custom:audio-encoder-webm-vorbis: bf7c407c2cedff20999df2af8eb42d56 -> 
========================================================================
Received Prepare
Registering precompiled user dll's ...
Registered in 0.006127 seconds.
Begin MonoManager ReloadAssembly
Native extension for WindowsStandalone target not found
Native extension for WebGL target not found
Refreshing native plugins compatible for Editor in 0.96 ms, found 3 plugins.
Preloading 0 native plugins for Editor in 0.00 ms.
Mono: successfully reloaded assembly
- Completed reload, in  1.461 seconds
Domain Reload Profiling:
	ReloadAssembly (1461ms)
		BeginReloadAssembly (177ms)
			ExecutionOrderSort (0ms)
			DisableScriptedObjects (9ms)
			BackupInstance (0ms)
			ReleaseScriptingObjects (0ms)
			CreateAndSetChildDomain (59ms)
		EndReloadAssembly (1201ms)
			LoadAssemblies (154ms)
			RebuildTransferFunctionScriptingTraits (0ms)
			SetupTypeCache (396ms)
			ReleaseScriptCaches (2ms)
			RebuildScriptCaches (56ms)
			SetupLoadedEditorAssemblies (423ms)
				LogAssemblyErrors (0ms)
				InitializePlatformSupportModulesInManaged (9ms)
				SetLoadedEditorAssemblies (1ms)
				RefreshPlugins (1ms)
				BeforeProcessingInitializeOnLoad (90ms)
				ProcessInitializeOnLoadAttributes (302ms)
				ProcessInitializeOnLoadMethodAttributes (15ms)
				AfterProcessingInitializeOnLoad (5ms)
				EditorAssembliesLoaded (0ms)
			ExecutionOrderSort2 (0ms)
			AwakeInstancesAfterBackupRestoration (13ms)
Platform modules already initialized, skipping
Switching build target platform(19) subTarget(0) extendedPlatform(0) -> platform(13) subTarget(537395200) extendedPlatform(0)
Refreshing native plugins compatible for Editor in 1.00 ms, found 3 plugins.
Preloading 0 native plugins for Editor in 0.00 ms.
Unloading 2340 Unused Serialized files (Serialized files now loaded: 0)
System memory in use before: 104.8 MB.
System memory in use after: 105.0 MB.

Unloading 30 unused Assets to reduce memory usage. Loaded Objects now: 2821.
Total: 5.525700 ms (FindLiveObjects: 0.377500 ms CreateObjectMapping: 0.109100 ms MarkObjects: 5.002500 ms  DeleteObjects: 0.034600 ms)

AssetImportParameters requested are different than current active one (requested -> active):
  custom:framework-win-MediaFoundation: 216162199b28c13a410421893ffa2e32 -> 
  custom:video-decoder-ogg-theora: a1e56fd34408186e4bbccfd4996cb3dc -> 
  custom:container-muxer-webm: aa71ff27fc2769a1b78a27578f13a17b -> 
  custom:container-demuxer-webm: 4f35f7cbe854078d1ac9338744f61a02 -> 
  custom:container-demuxer-ogg: 62fdf1f143b41e24485cea50d1cbac27 -> 
  custom:video-encoder-webm-vp8: eb34c28f22e8b96e1ab97ce403110664 -> 
  custom:video-decoder-webm-vp8: 9c59270c3fd7afecdb556c50c9e8de78 -> 
  custom:graphics/normal-map-encoding: 01000000000000000000000000000000 -> 02000000000000000000000000000000
  custom:audio-decoder-ogg-vorbis: bf7c407c2cedff20999df2af8eb42d56 -> 
  custom:audio-encoder-webm-vorbis: bf7c407c2cedff20999df2af8eb42d56 -> 
========================================================================
Received Prepare
Registering precompiled user dll's ...
Registered in 0.006645 seconds.
Begin MonoManager ReloadAssembly
Native extension for WindowsStandalone target not found
Native extension for WebGL target not found
Refreshing native plugins compatible for Editor in 1.76 ms, found 3 plugins.
Preloading 0 native plugins for Editor in 0.00 ms.
Mono: successfully reloaded assembly
- Completed reload, in  1.619 seconds
Domain Reload Profiling:
	ReloadAssembly (1620ms)
		BeginReloadAssembly (174ms)
			ExecutionOrderSort (0ms)
			DisableScriptedObjects (9ms)
			BackupInstance (0ms)
			ReleaseScriptingObjects (0ms)
			CreateAndSetChildDomain (54ms)
		EndReloadAssembly (1358ms)
			LoadAssemblies (158ms)
			RebuildTransferFunctionScriptingTraits (0ms)
			SetupTypeCache (450ms)
			ReleaseScriptCaches (1ms)
			RebuildScriptCaches (63ms)
			SetupLoadedEditorAssemblies (476ms)
				LogAssemblyErrors (0ms)
				InitializePlatformSupportModulesInManaged (10ms)
				SetLoadedEditorAssemblies (2ms)
				RefreshPlugins (2ms)
				BeforeProcessingInitializeOnLoad (95ms)
				ProcessInitializeOnLoadAttributes (346ms)
				ProcessInitializeOnLoadMethodAttributes (18ms)
				AfterProcessingInitializeOnLoad (3ms)
				EditorAssembliesLoaded (0ms)
			ExecutionOrderSort2 (0ms)
			AwakeInstancesAfterBackupRestoration (15ms)
Platform modules already initialized, skipping
Switching build target platform(19) subTarget(0) extendedPlatform(0) -> platform(13) subTarget(537395200) extendedPlatform(0)
Refreshing native plugins compatible for Editor in 0.85 ms, found 3 plugins.
Preloading 0 native plugins for Editor in 0.00 ms.
Unloading 2340 Unused Serialized files (Serialized files now loaded: 0)
System memory in use before: 104.8 MB.
System memory in use after: 105.0 MB.

Unloading 30 unused Assets to reduce memory usage. Loaded Objects now: 2823.
Total: 6.001900 ms (FindLiveObjects: 0.316600 ms CreateObjectMapping: 0.100200 ms MarkObjects: 5.538300 ms  DeleteObjects: 0.044200 ms)

AssetImportParameters requested are different than current active one (requested -> active):
  custom:framework-win-MediaFoundation: 216162199b28c13a410421893ffa2e32 -> 
  custom:video-decoder-ogg-theora: a1e56fd34408186e4bbccfd4996cb3dc -> 
  custom:container-muxer-webm: aa71ff27fc2769a1b78a27578f13a17b -> 
  custom:container-demuxer-webm: 4f35f7cbe854078d1ac9338744f61a02 -> 
  custom:container-demuxer-ogg: 62fdf1f143b41e24485cea50d1cbac27 -> 
  custom:video-encoder-webm-vp8: eb34c28f22e8b96e1ab97ce403110664 -> 
  custom:video-decoder-webm-vp8: 9c59270c3fd7afecdb556c50c9e8de78 -> 
  custom:graphics/normal-map-encoding: 01000000000000000000000000000000 -> 02000000000000000000000000000000
  custom:audio-decoder-ogg-vorbis: bf7c407c2cedff20999df2af8eb42d56 -> 
  custom:audio-encoder-webm-vorbis: bf7c407c2cedff20999df2af8eb42d56 -> 
========================================================================
Received Prepare
Registering precompiled user dll's ...
Registered in 0.006339 seconds.
Begin MonoManager ReloadAssembly
Native extension for WindowsStandalone target not found
Native extension for WebGL target not found
Refreshing native plugins compatible for Editor in 0.88 ms, found 3 plugins.
Preloading 0 native plugins for Editor in 0.00 ms.
Mono: successfully reloaded assembly
- Completed reload, in  1.373 seconds
Domain Reload Profiling:
	ReloadAssembly (1374ms)
		BeginReloadAssembly (147ms)
			ExecutionOrderSort (0ms)
			DisableScriptedObjects (9ms)
			BackupInstance (0ms)
			ReleaseScriptingObjects (0ms)
			CreateAndSetChildDomain (45ms)
		EndReloadAssembly (1138ms)
			LoadAssemblies (154ms)
			RebuildTransferFunctionScriptingTraits (0ms)
			SetupTypeCache (402ms)
			ReleaseScriptCaches (1ms)
			RebuildScriptCaches (51ms)
			SetupLoadedEditorAssemblies (367ms)
				LogAssemblyErrors (0ms)
				InitializePlatformSupportModulesInManaged (8ms)
				SetLoadedEditorAssemblies (1ms)
				RefreshPlugins (1ms)
				BeforeProcessingInitializeOnLoad (77ms)
				ProcessInitializeOnLoadAttributes (265ms)
				ProcessInitializeOnLoadMethodAttributes (13ms)
				AfterProcessingInitializeOnLoad (3ms)
				EditorAssembliesLoaded (0ms)
			ExecutionOrderSort2 (0ms)
			AwakeInstancesAfterBackupRestoration (11ms)
Platform modules already initialized, skipping
Switching build target platform(19) subTarget(0) extendedPlatform(0) -> platform(13) subTarget(537395200) extendedPlatform(0)
Refreshing native plugins compatible for Editor in 0.76 ms, found 3 plugins.
Preloading 0 native plugins for Editor in 0.00 ms.
Unloading 2340 Unused Serialized files (Serialized files now loaded: 0)
System memory in use before: 104.8 MB.
System memory in use after: 105.0 MB.

Unloading 30 unused Assets to reduce memory usage. Loaded Objects now: 2825.
Total: 5.615600 ms (FindLiveObjects: 0.384000 ms CreateObjectMapping: 0.115200 ms MarkObjects: 5.084200 ms  DeleteObjects: 0.030200 ms)

AssetImportParameters requested are different than current active one (requested -> active):
  custom:framework-win-MediaFoundation: 216162199b28c13a410421893ffa2e32 -> 
  custom:video-decoder-ogg-theora: a1e56fd34408186e4bbccfd4996cb3dc -> 
  custom:container-muxer-webm: aa71ff27fc2769a1b78a27578f13a17b -> 
  custom:container-demuxer-webm: 4f35f7cbe854078d1ac9338744f61a02 -> 
  custom:container-demuxer-ogg: 62fdf1f143b41e24485cea50d1cbac27 -> 
  custom:video-encoder-webm-vp8: eb34c28f22e8b96e1ab97ce403110664 -> 
  custom:video-decoder-webm-vp8: 9c59270c3fd7afecdb556c50c9e8de78 -> 
  custom:graphics/normal-map-encoding: 01000000000000000000000000000000 -> 02000000000000000000000000000000
  custom:audio-decoder-ogg-vorbis: bf7c407c2cedff20999df2af8eb42d56 -> 
  custom:audio-encoder-webm-vorbis: bf7c407c2cedff20999df2af8eb42d56 -> 
========================================================================
Received Prepare
Registering precompiled user dll's ...
Registered in 0.004427 seconds.
Begin MonoManager ReloadAssembly
Native extension for WindowsStandalone target not found
Native extension for WebGL target not found
Refreshing native plugins compatible for Editor in 0.76 ms, found 3 plugins.
Preloading 0 native plugins for Editor in 0.00 ms.
Mono: successfully reloaded assembly
- Completed reload, in  1.268 seconds
Domain Reload Profiling:
	ReloadAssembly (1269ms)
		BeginReloadAssembly (140ms)
			ExecutionOrderSort (0ms)
			DisableScriptedObjects (12ms)
			BackupInstance (0ms)
			ReleaseScriptingObjects (0ms)
			CreateAndSetChildDomain (47ms)
		EndReloadAssembly (1052ms)
			LoadAssemblies (114ms)
			RebuildTransferFunctionScriptingTraits (0ms)
			SetupTypeCache (349ms)
			ReleaseScriptCaches (1ms)
			RebuildScriptCaches (51ms)
			SetupLoadedEditorAssemblies (360ms)
				LogAssemblyErrors (0ms)
				InitializePlatformSupportModulesInManaged (6ms)
				SetLoadedEditorAssemblies (1ms)
				RefreshPlugins (1ms)
				BeforeProcessingInitializeOnLoad (69ms)
				ProcessInitializeOnLoadAttributes (263ms)
				ProcessInitializeOnLoadMethodAttributes (17ms)
				AfterProcessingInitializeOnLoad (3ms)
				EditorAssembliesLoaded (0ms)
			ExecutionOrderSort2 (0ms)
			AwakeInstancesAfterBackupRestoration (15ms)
Platform modules already initialized, skipping
Switching build target platform(19) subTarget(0) extendedPlatform(0) -> platform(13) subTarget(537395200) extendedPlatform(0)
Refreshing native plugins compatible for Editor in 0.83 ms, found 3 plugins.
Preloading 0 native plugins for Editor in 0.00 ms.
Unloading 2340 Unused Serialized files (Serialized files now loaded: 0)
System memory in use before: 104.7 MB.
System memory in use after: 105.0 MB.

Unloading 30 unused Assets to reduce memory usage. Loaded Objects now: 2827.
Total: 4.422300 ms (FindLiveObjects: 0.287500 ms CreateObjectMapping: 0.073900 ms MarkObjects: 4.027300 ms  DeleteObjects: 0.031800 ms)

AssetImportParameters requested are different than current active one (requested -> active):
  custom:framework-win-MediaFoundation: 216162199b28c13a410421893ffa2e32 -> 
  custom:video-decoder-ogg-theora: a1e56fd34408186e4bbccfd4996cb3dc -> 
  custom:container-muxer-webm: aa71ff27fc2769a1b78a27578f13a17b -> 
  custom:container-demuxer-webm: 4f35f7cbe854078d1ac9338744f61a02 -> 
  custom:container-demuxer-ogg: 62fdf1f143b41e24485cea50d1cbac27 -> 
  custom:video-encoder-webm-vp8: eb34c28f22e8b96e1ab97ce403110664 -> 
  custom:video-decoder-webm-vp8: 9c59270c3fd7afecdb556c50c9e8de78 -> 
  custom:graphics/normal-map-encoding: 01000000000000000000000000000000 -> 02000000000000000000000000000000
  custom:audio-decoder-ogg-vorbis: bf7c407c2cedff20999df2af8eb42d56 -> 
  custom:audio-encoder-webm-vorbis: bf7c407c2cedff20999df2af8eb42d56 -> 
========================================================================
Received Import Request.
  Time since last request: 1582.276166 seconds.
  path: Assets/Scenes/Stage 0.unity
  artifactKey: Guid(9853b12d71932f2479978fff84139838) Importer(815301076,1909f56bfc062723c751e8b465ee728b)
Start importing Assets/Scenes/Stage 0.unity using Guid(9853b12d71932f2479978fff84139838) Importer(815301076,1909f56bfc062723c751e8b465ee728b)  -> (artifact id: '4364f0dd347cc08415a6d2d0fd5ca2d4') in 0.026812 seconds 
  Import took 1.710325 seconds .

========================================================================
Received Import Request.
  Time since last request: 45.448737 seconds.
  path: Assets/Prefabs/Effects/Player Healing Effect.prefab
  artifactKey: Guid(74a928e3ca655b044ad58e8156c06728) Importer(815301076,1909f56bfc062723c751e8b465ee728b)
Start importing Assets/Prefabs/Effects/Player Healing Effect.prefab using Guid(74a928e3ca655b044ad58e8156c06728) Importer(815301076,1909f56bfc062723c751e8b465ee728b)  -> (artifact id: '07bf1a2ff5ca8c952ee42e1b2938181e') in 0.078334 seconds 
  Import took 0.220317 seconds .

========================================================================
Received Import Request.
  Time since last request: 260.133828 seconds.
  path: Assets/Prefabs/Effects/Player Healing Effect.prefab
  artifactKey: Guid(74a928e3ca655b044ad58e8156c06728) Importer(815301076,1909f56bfc062723c751e8b465ee728b)
Start importing Assets/Prefabs/Effects/Player Healing Effect.prefab using Guid(74a928e3ca655b044ad58e8156c06728) Importer(815301076,1909f56bfc062723c751e8b465ee728b)  -> (artifact id: 'c11f8a05ab6ed790ea9c88bb811681a4') in 0.020893 seconds 
  Import took 0.029182 seconds .

========================================================================
Received Import Request.
  Time since last request: 3.573050 seconds.
  path: Assets/Prefabs/Effects/Player Healing Effect.prefab
  artifactKey: Guid(74a928e3ca655b044ad58e8156c06728) Importer(815301076,1909f56bfc062723c751e8b465ee728b)
Start importing Assets/Prefabs/Effects/Player Healing Effect.prefab using Guid(74a928e3ca655b044ad58e8156c06728) Importer(815301076,1909f56bfc062723c751e8b465ee728b)  -> (artifact id: '3f401b8c2b548230e5346cded7cc9eb0') in 0.033229 seconds 
  Import took 0.040973 seconds .

========================================================================
Received Import Request.
  Time since last request: 9.834653 seconds.
  path: Assets/Prefabs/Effects/Player Healing Effect.prefab
  artifactKey: Guid(74a928e3ca655b044ad58e8156c06728) Importer(815301076,1909f56bfc062723c751e8b465ee728b)
Start importing Assets/Prefabs/Effects/Player Healing Effect.prefab using Guid(74a928e3ca655b044ad58e8156c06728) Importer(815301076,1909f56bfc062723c751e8b465ee728b)  -> (artifact id: 'aa0302eb4bc0c5123776240f4453c48c') in 0.024412 seconds 
  Import took 0.057950 seconds .

========================================================================
Received Import Request.
  Time since last request: 10.997101 seconds.
  path: Assets/Prefabs/Effects/Player Healing Effect.prefab
  artifactKey: Guid(74a928e3ca655b044ad58e8156c06728) Importer(815301076,1909f56bfc062723c751e8b465ee728b)
Start importing Assets/Prefabs/Effects/Player Healing Effect.prefab using Guid(74a928e3ca655b044ad58e8156c06728) Importer(815301076,1909f56bfc062723c751e8b465ee728b)  -> (artifact id: '440a4485bcf2a791bd1e717f1fd0bedb') in 0.016333 seconds 
  Import took 0.111311 seconds .

========================================================================
Received Import Request.
  Time since last request: 14.638064 seconds.
  path: Assets/Prefabs/Effects/Player Healing Effect.prefab
  artifactKey: Guid(74a928e3ca655b044ad58e8156c06728) Importer(815301076,1909f56bfc062723c751e8b465ee728b)
Start importing Assets/Prefabs/Effects/Player Healing Effect.prefab using Guid(74a928e3ca655b044ad58e8156c06728) Importer(815301076,1909f56bfc062723c751e8b465ee728b)  -> (artifact id: '60ad2ee38807cbc3b901f14b7abbd330') in 0.016358 seconds 
  Import took 0.069839 seconds .

========================================================================
Received Import Request.
  Time since last request: 8.468936 seconds.
  path: Assets/Prefabs/Effects/Player Healing Effect.prefab
  artifactKey: Guid(74a928e3ca655b044ad58e8156c06728) Importer(815301076,1909f56bfc062723c751e8b465ee728b)
Start importing Assets/Prefabs/Effects/Player Healing Effect.prefab using Guid(74a928e3ca655b044ad58e8156c06728) Importer(815301076,1909f56bfc062723c751e8b465ee728b)  -> (artifact id: 'e79163d52187ff87d646448bb4968b76') in 0.023814 seconds 
  Import took 0.091245 seconds .

========================================================================
Received Import Request.
  Time since last request: 27.136370 seconds.
  path: Assets/Prefabs/Effects/Player Healing Effect.prefab
  artifactKey: Guid(74a928e3ca655b044ad58e8156c06728) Importer(815301076,1909f56bfc062723c751e8b465ee728b)
Start importing Assets/Prefabs/Effects/Player Healing Effect.prefab using Guid(74a928e3ca655b044ad58e8156c06728) Importer(815301076,1909f56bfc062723c751e8b465ee728b)  -> (artifact id: '062b3e8e9807a57e813d332cb1cf1775') in 0.014367 seconds 
  Import took 0.048991 seconds .

========================================================================
Received Import Request.
  Time since last request: 25.875757 seconds.
  path: Assets/Prefabs/Effects/Player Healing Effect.prefab
  artifactKey: Guid(74a928e3ca655b044ad58e8156c06728) Importer(815301076,1909f56bfc062723c751e8b465ee728b)
Start importing Assets/Prefabs/Effects/Player Healing Effect.prefab using Guid(74a928e3ca655b044ad58e8156c06728) Importer(815301076,1909f56bfc062723c751e8b465ee728b)  -> (artifact id: '32288b0aeb2414878b4e0a67148dcd78') in 0.021900 seconds 
  Import took 0.029184 seconds .

========================================================================
Received Import Request.
  Time since last request: 2.050871 seconds.
  path: Assets/Prefabs/Effects/Player Healing Effect.prefab
  artifactKey: Guid(74a928e3ca655b044ad58e8156c06728) Importer(815301076,1909f56bfc062723c751e8b465ee728b)
Start importing Assets/Prefabs/Effects/Player Healing Effect.prefab using Guid(74a928e3ca655b044ad58e8156c06728) Importer(815301076,1909f56bfc062723c751e8b465ee728b)  -> (artifact id: 'aa03d20c72338fa15c44efcdc1a2b3a4') in 0.018754 seconds 
  Import took 0.024544 seconds .

========================================================================
Received Import Request.
  Time since last request: 10.735793 seconds.
  path: Assets/Prefabs/Effects/Player Healing Effect.prefab
  artifactKey: Guid(74a928e3ca655b044ad58e8156c06728) Importer(815301076,1909f56bfc062723c751e8b465ee728b)
Start importing Assets/Prefabs/Effects/Player Healing Effect.prefab using Guid(74a928e3ca655b044ad58e8156c06728) Importer(815301076,1909f56bfc062723c751e8b465ee728b)  -> (artifact id: 'd0027fb44aee163fe7d88532648ba55b') in 0.034366 seconds 
  Import took 0.071313 seconds .

========================================================================
Received Import Request.
  Time since last request: 2.710167 seconds.
  path: Assets/Prefabs/Effects/Player Healing Effect.prefab
  artifactKey: Guid(74a928e3ca655b044ad58e8156c06728) Importer(815301076,1909f56bfc062723c751e8b465ee728b)
Start importing Assets/Prefabs/Effects/Player Healing Effect.prefab using Guid(74a928e3ca655b044ad58e8156c06728) Importer(815301076,1909f56bfc062723c751e8b465ee728b)  -> (artifact id: '009be777d6b1400db422dc73852ab01d') in 0.016494 seconds 
  Import took 0.034803 seconds .

========================================================================
Received Prepare
Registering precompiled user dll's ...
Registered in 0.009040 seconds.
Begin MonoManager ReloadAssembly
Native extension for WindowsStandalone target not found
Native extension for WebGL target not found
Refreshing native plugins compatible for Editor in 0.85 ms, found 3 plugins.
Preloading 0 native plugins for Editor in 0.00 ms.
Mono: successfully reloaded assembly
- Completed reload, in  1.755 seconds
Domain Reload Profiling:
	ReloadAssembly (1757ms)
		BeginReloadAssembly (209ms)
			ExecutionOrderSort (0ms)
			DisableScriptedObjects (10ms)
			BackupInstance (0ms)
			ReleaseScriptingObjects (0ms)
			CreateAndSetChildDomain (65ms)
		EndReloadAssembly (1461ms)
			LoadAssemblies (207ms)
			RebuildTransferFunctionScriptingTraits (0ms)
			SetupTypeCache (468ms)
			ReleaseScriptCaches (4ms)
			RebuildScriptCaches (63ms)
			SetupLoadedEditorAssemblies (519ms)
				LogAssemblyErrors (0ms)
				InitializePlatformSupportModulesInManaged (8ms)
				SetLoadedEditorAssemblies (1ms)
				RefreshPlugins (1ms)
				BeforeProcessingInitializeOnLoad (96ms)
				ProcessInitializeOnLoadAttributes (391ms)
				ProcessInitializeOnLoadMethodAttributes (19ms)
				AfterProcessingInitializeOnLoad (3ms)
				EditorAssembliesLoaded (0ms)
			ExecutionOrderSort2 (0ms)
			AwakeInstancesAfterBackupRestoration (14ms)
Platform modules already initialized, skipping
Switching build target platform(19) subTarget(0) extendedPlatform(0) -> platform(13) subTarget(537395200) extendedPlatform(0)
Refreshing native plugins compatible for Editor in 0.75 ms, found 3 plugins.
Preloading 0 native plugins for Editor in 0.00 ms.
Unloading 2340 Unused Serialized files (Serialized files now loaded: 0)
System memory in use before: 104.9 MB.
System memory in use after: 105.1 MB.

Unloading 30 unused Assets to reduce memory usage. Loaded Objects now: 2830.
Total: 3.948100 ms (FindLiveObjects: 0.288700 ms CreateObjectMapping: 0.069200 ms MarkObjects: 3.562100 ms  DeleteObjects: 0.026700 ms)

AssetImportParameters requested are different than current active one (requested -> active):
  custom:framework-win-MediaFoundation: 216162199b28c13a410421893ffa2e32 -> 
  custom:video-decoder-ogg-theora: a1e56fd34408186e4bbccfd4996cb3dc -> 
  custom:container-muxer-webm: aa71ff27fc2769a1b78a27578f13a17b -> 
  custom:container-demuxer-webm: 4f35f7cbe854078d1ac9338744f61a02 -> 
  custom:container-demuxer-ogg: 62fdf1f143b41e24485cea50d1cbac27 -> 
  custom:video-encoder-webm-vp8: eb34c28f22e8b96e1ab97ce403110664 -> 
  custom:video-decoder-webm-vp8: 9c59270c3fd7afecdb556c50c9e8de78 -> 
  custom:graphics/normal-map-encoding: 01000000000000000000000000000000 -> 02000000000000000000000000000000
  custom:audio-decoder-ogg-vorbis: bf7c407c2cedff20999df2af8eb42d56 -> 
  custom:audio-encoder-webm-vorbis: bf7c407c2cedff20999df2af8eb42d56 -> 
========================================================================
Received Prepare
Registering precompiled user dll's ...
Registered in 0.006900 seconds.
Begin MonoManager ReloadAssembly
Native extension for WindowsStandalone target not found
Native extension for WebGL target not found
Refreshing native plugins compatible for Editor in 3.70 ms, found 3 plugins.
Preloading 0 native plugins for Editor in 0.00 ms.
Mono: successfully reloaded assembly
- Completed reload, in  2.025 seconds
Domain Reload Profiling:
	ReloadAssembly (2027ms)
		BeginReloadAssembly (218ms)
			ExecutionOrderSort (0ms)
			DisableScriptedObjects (13ms)
			BackupInstance (0ms)
			ReleaseScriptingObjects (0ms)
			CreateAndSetChildDomain (64ms)
		EndReloadAssembly (1712ms)
			LoadAssemblies (195ms)
			RebuildTransferFunctionScriptingTraits (0ms)
			SetupTypeCache (563ms)
			ReleaseScriptCaches (1ms)
			RebuildScriptCaches (81ms)
			SetupLoadedEditorAssemblies (605ms)
				LogAssemblyErrors (0ms)
				InitializePlatformSupportModulesInManaged (8ms)
				SetLoadedEditorAssemblies (1ms)
				RefreshPlugins (4ms)
				BeforeProcessingInitializeOnLoad (126ms)
				ProcessInitializeOnLoadAttributes (436ms)
				ProcessInitializeOnLoadMethodAttributes (26ms)
				AfterProcessingInitializeOnLoad (4ms)
				EditorAssembliesLoaded (0ms)
			ExecutionOrderSort2 (0ms)
			AwakeInstancesAfterBackupRestoration (20ms)
Platform modules already initialized, skipping
Switching build target platform(19) subTarget(0) extendedPlatform(0) -> platform(13) subTarget(537395200) extendedPlatform(0)
Refreshing native plugins compatible for Editor in 1.59 ms, found 3 plugins.
Preloading 0 native plugins for Editor in 0.00 ms.
Unloading 2340 Unused Serialized files (Serialized files now loaded: 0)
System memory in use before: 104.9 MB.
System memory in use after: 105.1 MB.

Unloading 30 unused Assets to reduce memory usage. Loaded Objects now: 2832.
Total: 10.939600 ms (FindLiveObjects: 0.461200 ms CreateObjectMapping: 0.430000 ms MarkObjects: 9.841000 ms  DeleteObjects: 0.204000 ms)

AssetImportParameters requested are different than current active one (requested -> active):
  custom:framework-win-MediaFoundation: 216162199b28c13a410421893ffa2e32 -> 
  custom:video-decoder-ogg-theora: a1e56fd34408186e4bbccfd4996cb3dc -> 
  custom:container-muxer-webm: aa71ff27fc2769a1b78a27578f13a17b -> 
  custom:container-demuxer-webm: 4f35f7cbe854078d1ac9338744f61a02 -> 
  custom:container-demuxer-ogg: 62fdf1f143b41e24485cea50d1cbac27 -> 
  custom:video-encoder-webm-vp8: eb34c28f22e8b96e1ab97ce403110664 -> 
  custom:video-decoder-webm-vp8: 9c59270c3fd7afecdb556c50c9e8de78 -> 
  custom:graphics/normal-map-encoding: 01000000000000000000000000000000 -> 02000000000000000000000000000000
  custom:audio-decoder-ogg-vorbis: bf7c407c2cedff20999df2af8eb42d56 -> 
  custom:audio-encoder-webm-vorbis: bf7c407c2cedff20999df2af8eb42d56 -> 
========================================================================
Received Import Request.
  Time since last request: 516.891620 seconds.
  path: Assets/Prefabs/Effects/Player Healing Effect.prefab
  artifactKey: Guid(74a928e3ca655b044ad58e8156c06728) Importer(815301076,1909f56bfc062723c751e8b465ee728b)
Start importing Assets/Prefabs/Effects/Player Healing Effect.prefab using Guid(74a928e3ca655b044ad58e8156c06728) Importer(815301076,1909f56bfc062723c751e8b465ee728b) Diagnostics callstack to track who triggered the sub-import:
0x00007ff64bc180c2 (Unity) ImporterAssetResolver::ResolveAsset
0x00007ff64bbe9e82 (Unity) ResolveArtifactV2
0x00007ff64bc03010 (Unity) ImportToObjects
0x00007ff64bc02458 (Unity) ImportAsset
0x00007ff64bb9c998 (Unity) AssetImportWorker::Import
0x00007ff64bbc203a (Unity) <lambda_4a0f5575432e8e69ec585d1ca7897980>::operator()
0x00007ff64bc495a2 (Unity) asio::detail::completion_handler<core::mutable_function<void __cdecl(void)> >::do_complete
0x00007ff64bc4b700 (Unity) asio::detail::win_iocp_io_service::do_one
0x00007ff64bc4ee7e (Unity) asio::io_service::run
0x00007ff64bbeab9b (Unity) RunAssetImportWorkerClientV2
0x00007ff64bbeabf0 (Unity) RunAssetImporterV2
0x00007ff64b6923dd (Unity) Application::InitializeProject
0x00007ff64bae7252 (Unity) WinMain
0x00007ff64d175752 (Unity) __scrt_common_main_seh
0x00007ff827157034 (KERNEL32) BaseThreadInitThunk
0x00007ff828722651 (ntdll) RtlUserThreadStart

Requesting import of Guid(74a928e3ca655b044ad58e8156c06728) Importer(-1,00000000000000000000000000000000), Assets/Prefabs/Effects/Player Healing Effect.prefab from editor
Resuming Guid(74a928e3ca655b044ad58e8156c06728) Importer(-1,00000000000000000000000000000000) -> 00000000000000000000000000000000 (aborted)
Diagnostics callstack to track who triggered the sub-import:
0x00007ff64bc180c2 (Unity) ImporterAssetResolver::ResolveAsset
0x00007ff64bbe9e82 (Unity) ResolveArtifactV2
0x00007ff64bbe1fe1 (Unity) ProduceArtifactV2
0x00007ff64bb7883e (Unity) AssetDatabase::ProduceArtifact
0x00007ff64bb62798 (Unity) PreviewImporter::GenerateAssetData
0x00007ff64bc033e2 (Unity) ImportToObjects
0x00007ff64bc02458 (Unity) ImportAsset
0x00007ff64bb9c998 (Unity) AssetImportWorker::Import
0x00007ff64bbc203a (Unity) <lambda_4a0f5575432e8e69ec585d1ca7897980>::operator()
0x00007ff64bc495a2 (Unity) asio::detail::completion_handler<core::mutable_function<void __cdecl(void)> >::do_complete
0x00007ff64bc4b700 (Unity) asio::detail::win_iocp_io_service::do_one
0x00007ff64bc4ee7e (Unity) asio::io_service::run
0x00007ff64bbeab9b (Unity) RunAssetImportWorkerClientV2
0x00007ff64bbeabf0 (Unity) RunAssetImporterV2
0x00007ff64b6923dd (Unity) Application::InitializeProject
0x00007ff64bae7252 (Unity) WinMain
0x00007ff64d175752 (Unity) __scrt_common_main_seh
0x00007ff827157034 (KERNEL32) BaseThreadInitThunk
0x00007ff828722651 (ntdll) RtlUserThreadStart

Sub-import of Guid(74a928e3ca655b044ad58e8156c06728) Importer(-1,00000000000000000000000000000000), Assets/Prefabs/Effects/Player Healing Effect.prefab skipped because a previous one failed already
 -> (artifact id: '93b9b48405cf54851ca77c173df0f115') in 3.267211 seconds 
  Import took 3.272023 seconds (was aborted).

========================================================================
Received Import Request.
  Time since last request: 0.001489 seconds.
  path: Assets/Prefabs/Effects/Player Healing Effect.prefab
  artifactKey: Guid(74a928e3ca655b044ad58e8156c06728) Importer(815301076,1909f56bfc062723c751e8b465ee728b)
Start importing Assets/Prefabs/Effects/Player Healing Effect.prefab using Guid(74a928e3ca655b044ad58e8156c06728) Importer(815301076,1909f56bfc062723c751e8b465ee728b)  -> (artifact id: '0b38ba1351151f54bcd32b36398a3529') in 0.110241 seconds 
  Import took 0.196210 seconds .

========================================================================
Received Import Request.
  Time since last request: 14.571029 seconds.
  path: Assets/Prefabs/Effects/Player Healing Effect.prefab
  artifactKey: Guid(74a928e3ca655b044ad58e8156c06728) Importer(815301076,1909f56bfc062723c751e8b465ee728b)
Start importing Assets/Prefabs/Effects/Player Healing Effect.prefab using Guid(74a928e3ca655b044ad58e8156c06728) Importer(815301076,1909f56bfc062723c751e8b465ee728b)  -> (artifact id: 'a708ed3874bd6c2c8ea230740aa30bbb') in 0.027981 seconds 
  Import took 0.033752 seconds .

========================================================================
Received Import Request.
  Time since last request: 21.411726 seconds.
  path: Assets/Prefabs/Effects/Player Healing Effect.prefab
  artifactKey: Guid(74a928e3ca655b044ad58e8156c06728) Importer(815301076,1909f56bfc062723c751e8b465ee728b)
Start importing Assets/Prefabs/Effects/Player Healing Effect.prefab using Guid(74a928e3ca655b044ad58e8156c06728) Importer(815301076,1909f56bfc062723c751e8b465ee728b)  -> (artifact id: '3d3bf37d6a120383ba721b454f87096e') in 0.019864 seconds 
  Import took 0.048424 seconds .

========================================================================
Received Import Request.
  Time since last request: 3.733024 seconds.
  path: Assets/Prefabs/Effects/Player Healing Effect.prefab
  artifactKey: Guid(74a928e3ca655b044ad58e8156c06728) Importer(815301076,1909f56bfc062723c751e8b465ee728b)
Start importing Assets/Prefabs/Effects/Player Healing Effect.prefab using Guid(74a928e3ca655b044ad58e8156c06728) Importer(815301076,1909f56bfc062723c751e8b465ee728b)  -> (artifact id: '735cc518a5c5c33b2d6e524c0a3de21d') in 0.037318 seconds 
  Import took 0.089905 seconds .

========================================================================
Received Import Request.
  Time since last request: 108.193580 seconds.
  path: Assets/Prefabs/Effects/Player Healing Effect.prefab
  artifactKey: Guid(74a928e3ca655b044ad58e8156c06728) Importer(815301076,1909f56bfc062723c751e8b465ee728b)
Start importing Assets/Prefabs/Effects/Player Healing Effect.prefab using Guid(74a928e3ca655b044ad58e8156c06728) Importer(815301076,1909f56bfc062723c751e8b465ee728b)  -> (artifact id: '599863cb88c75e221afb002e264e84ef') in 0.023602 seconds 
  Import took 0.063258 seconds .

========================================================================
Received Import Request.
  Time since last request: 12.380774 seconds.
  path: Assets/Prefabs/Effects/Player Healing Effect.prefab
  artifactKey: Guid(74a928e3ca655b044ad58e8156c06728) Importer(815301076,1909f56bfc062723c751e8b465ee728b)
Start importing Assets/Prefabs/Effects/Player Healing Effect.prefab using Guid(74a928e3ca655b044ad58e8156c06728) Importer(815301076,1909f56bfc062723c751e8b465ee728b)  -> (artifact id: 'd7e1fb7b05186aeacff83a850bf39b8e') in 0.022590 seconds 
  Import took 0.158619 seconds .

========================================================================
Received Prepare
Registering precompiled user dll's ...
Registered in 0.005705 seconds.
Begin MonoManager ReloadAssembly
Native extension for WindowsStandalone target not found
Native extension for WebGL target not found
Refreshing native plugins compatible for Editor in 1.08 ms, found 3 plugins.
Preloading 0 native plugins for Editor in 0.00 ms.
Mono: successfully reloaded assembly
- Completed reload, in  1.652 seconds
Domain Reload Profiling:
	ReloadAssembly (1652ms)
		BeginReloadAssembly (175ms)
			ExecutionOrderSort (0ms)
			DisableScriptedObjects (9ms)
			BackupInstance (0ms)
			ReleaseScriptingObjects (0ms)
			CreateAndSetChildDomain (49ms)
		EndReloadAssembly (1376ms)
			LoadAssemblies (167ms)
			RebuildTransferFunctionScriptingTraits (0ms)
			SetupTypeCache (421ms)
			ReleaseScriptCaches (2ms)
			RebuildScriptCaches (70ms)
			SetupLoadedEditorAssemblies (493ms)
				LogAssemblyErrors (0ms)
				InitializePlatformSupportModulesInManaged (8ms)
				SetLoadedEditorAssemblies (1ms)
				RefreshPlugins (1ms)
				BeforeProcessingInitializeOnLoad (93ms)
				ProcessInitializeOnLoadAttributes (366ms)
				ProcessInitializeOnLoadMethodAttributes (20ms)
				AfterProcessingInitializeOnLoad (3ms)
				EditorAssembliesLoaded (0ms)
			ExecutionOrderSort2 (0ms)
			AwakeInstancesAfterBackupRestoration (17ms)
Platform modules already initialized, skipping
Switching build target platform(19) subTarget(0) extendedPlatform(0) -> platform(13) subTarget(537395200) extendedPlatform(0)
Refreshing native plugins compatible for Editor in 0.79 ms, found 3 plugins.
Preloading 0 native plugins for Editor in 0.00 ms.
Unloading 2340 Unused Serialized files (Serialized files now loaded: 0)
System memory in use before: 104.9 MB.
System memory in use after: 105.1 MB.

Unloading 30 unused Assets to reduce memory usage. Loaded Objects now: 2835.
Total: 4.401700 ms (FindLiveObjects: 0.317100 ms CreateObjectMapping: 0.096400 ms MarkObjects: 3.954800 ms  DeleteObjects: 0.031800 ms)

AssetImportParameters requested are different than current active one (requested -> active):
  custom:framework-win-MediaFoundation: 216162199b28c13a410421893ffa2e32 -> 
  custom:video-decoder-ogg-theora: a1e56fd34408186e4bbccfd4996cb3dc -> 
  custom:container-muxer-webm: aa71ff27fc2769a1b78a27578f13a17b -> 
  custom:container-demuxer-webm: 4f35f7cbe854078d1ac9338744f61a02 -> 
  custom:container-demuxer-ogg: 62fdf1f143b41e24485cea50d1cbac27 -> 
  custom:video-encoder-webm-vp8: eb34c28f22e8b96e1ab97ce403110664 -> 
  custom:video-decoder-webm-vp8: 9c59270c3fd7afecdb556c50c9e8de78 -> 
  custom:graphics/normal-map-encoding: 01000000000000000000000000000000 -> 02000000000000000000000000000000
  custom:audio-decoder-ogg-vorbis: bf7c407c2cedff20999df2af8eb42d56 -> 
  custom:audio-encoder-webm-vorbis: bf7c407c2cedff20999df2af8eb42d56 -> 
========================================================================
Received Import Request.
  Time since last request: 291.657773 seconds.
  path: Assets/Scenes/Stage 1.unity
  artifactKey: Guid(2cda990e2423bbf4892e6590ba056729) Importer(815301076,1909f56bfc062723c751e8b465ee728b)
Start importing Assets/Scenes/Stage 1.unity using Guid(2cda990e2423bbf4892e6590ba056729) Importer(815301076,1909f56bfc062723c751e8b465ee728b)  -> (artifact id: 'aa537c856fb14961948defbe54df2615') in 0.033999 seconds 
  Import took 0.142163 seconds .

========================================================================
Received Prepare
Registering precompiled user dll's ...
Registered in 0.006664 seconds.
Begin MonoManager ReloadAssembly
Native extension for WindowsStandalone target not found
Native extension for WebGL target not found
Refreshing native plugins compatible for Editor in 0.95 ms, found 3 plugins.
Preloading 0 native plugins for Editor in 0.00 ms.
Mono: successfully reloaded assembly
- Completed reload, in  1.657 seconds
Domain Reload Profiling:
	ReloadAssembly (1657ms)
		BeginReloadAssembly (204ms)
			ExecutionOrderSort (0ms)
			DisableScriptedObjects (15ms)
			BackupInstance (0ms)
			ReleaseScriptingObjects (0ms)
			CreateAndSetChildDomain (68ms)
		EndReloadAssembly (1354ms)
			LoadAssemblies (138ms)
			RebuildTransferFunctionScriptingTraits (0ms)
			SetupTypeCache (457ms)
			ReleaseScriptCaches (1ms)
			RebuildScriptCaches (62ms)
			SetupLoadedEditorAssemblies (474ms)
				LogAssemblyErrors (0ms)
				InitializePlatformSupportModulesInManaged (10ms)
				SetLoadedEditorAssemblies (1ms)
				RefreshPlugins (1ms)
				BeforeProcessingInitializeOnLoad (77ms)
				ProcessInitializeOnLoadAttributes (363ms)
				ProcessInitializeOnLoadMethodAttributes (16ms)
				AfterProcessingInitializeOnLoad (6ms)
				EditorAssembliesLoaded (1ms)
			ExecutionOrderSort2 (0ms)
			AwakeInstancesAfterBackupRestoration (15ms)
Platform modules already initialized, skipping
Switching build target platform(19) subTarget(0) extendedPlatform(0) -> platform(13) subTarget(537395200) extendedPlatform(0)
Refreshing native plugins compatible for Editor in 0.96 ms, found 3 plugins.
Preloading 0 native plugins for Editor in 0.00 ms.
Unloading 2340 Unused Serialized files (Serialized files now loaded: 0)
System memory in use before: 104.9 MB.
System memory in use after: 105.1 MB.

Unloading 30 unused Assets to reduce memory usage. Loaded Objects now: 2837.
Total: 4.747500 ms (FindLiveObjects: 0.319800 ms CreateObjectMapping: 0.081600 ms MarkObjects: 4.312900 ms  DeleteObjects: 0.031800 ms)

AssetImportParameters requested are different than current active one (requested -> active):
  custom:framework-win-MediaFoundation: 216162199b28c13a410421893ffa2e32 -> 
  custom:video-decoder-ogg-theora: a1e56fd34408186e4bbccfd4996cb3dc -> 
  custom:container-muxer-webm: aa71ff27fc2769a1b78a27578f13a17b -> 
  custom:container-demuxer-webm: 4f35f7cbe854078d1ac9338744f61a02 -> 
  custom:container-demuxer-ogg: 62fdf1f143b41e24485cea50d1cbac27 -> 
  custom:video-encoder-webm-vp8: eb34c28f22e8b96e1ab97ce403110664 -> 
  custom:video-decoder-webm-vp8: 9c59270c3fd7afecdb556c50c9e8de78 -> 
  custom:graphics/normal-map-encoding: 01000000000000000000000000000000 -> 02000000000000000000000000000000
  custom:audio-decoder-ogg-vorbis: bf7c407c2cedff20999df2af8eb42d56 -> 
  custom:audio-encoder-webm-vorbis: bf7c407c2cedff20999df2af8eb42d56 -> 
========================================================================
Received Prepare
Refreshing native plugins compatible for Editor in 11.22 ms, found 3 plugins.
Preloading 0 native plugins for Editor in 0.00 ms.
Unloading 28 Unused Serialized files (Serialized files now loaded: 0)
System memory in use before: 58.8 MB.
System memory in use after: 59.0 MB.

Unloading 28 unused Assets to reduce memory usage. Loaded Objects now: 2837.
Total: 5.279400 ms (FindLiveObjects: 0.299000 ms CreateObjectMapping: 0.075500 ms MarkObjects: 4.846300 ms  DeleteObjects: 0.055900 ms)

AssetImportParameters requested are different than current active one (requested -> active):
  custom:framework-win-MediaFoundation: 216162199b28c13a410421893ffa2e32 -> 
  custom:video-decoder-ogg-theora: a1e56fd34408186e4bbccfd4996cb3dc -> 
  custom:container-muxer-webm: aa71ff27fc2769a1b78a27578f13a17b -> 
  custom:container-demuxer-webm: 4f35f7cbe854078d1ac9338744f61a02 -> 
  custom:container-demuxer-ogg: 62fdf1f143b41e24485cea50d1cbac27 -> 
  custom:video-encoder-webm-vp8: eb34c28f22e8b96e1ab97ce403110664 -> 
  custom:video-decoder-webm-vp8: 9c59270c3fd7afecdb556c50c9e8de78 -> 
  custom:audio-decoder-ogg-vorbis: bf7c407c2cedff20999df2af8eb42d56 -> 
  custom:audio-encoder-webm-vorbis: bf7c407c2cedff20999df2af8eb42d56 -> 
AssetImportWorkerClient::OnTransportError - code=2 error=End of file
